ERROR - 2022-10-31 05:09:57 --> mysqli_sql_exception: Duplicate entry 'eddy_h99@yahoo.com' for key 'tbl_member.email' in /home/piggybankservice/api/api.tracklessbank.com/system/Database/MySQLi/Connection.php:292
Stack trace:
#0 /home/piggybankservice/api/api.tracklessbank.com/system/Database/MySQLi/Connection.php(292): mysqli->query('INSERT INTO `tb...', 0)
#1 /home/piggybankservice/api/api.tracklessbank.com/system/Database/BaseConnection.php(693): CodeIgniter\Database\MySQLi\Connection->execute('INSERT INTO `tb...')
#2 /home/piggybankservice/api/api.tracklessbank.com/system/Database/BaseConnection.php(620): CodeIgniter\Database\BaseConnection->simpleQuery('INSERT INTO `tb...')
#3 /home/piggybankservice/api/api.tracklessbank.com/system/Database/BaseBuilder.php(1916): CodeIgniter\Database\BaseConnection->query('INSERT INTO `tb...', Array, false)
#4 /home/piggybankservice/api/api.tracklessbank.com/app/Models/V1/Mdl_member.php(211): CodeIgniter\Database\BaseBuilder->insert(Array)
#5 /home/piggybankservice/api/api.tracklessbank.com/app/Controllers/V1/Auth.php(81): App\Models\Mdl_member->add(Array)
#6 /home/piggybankservice/api/api.tracklessbank.com/system/CodeIgniter.php(902): App\Controllers\V1\Auth->register()
#7 /home/piggybankservice/api/api.tracklessbank.com/system/CodeIgniter.php(457): CodeIgniter\CodeIgniter->runController(Object(App\Controllers\V1\Auth))
#8 /home/piggybankservice/api/api.tracklessbank.com/system/CodeIgniter.php(340): CodeIgniter\CodeIgniter->handleRequest(NULL, Object(Config\Cache), false)
#9 /home/piggybankservice/api/api.tracklessbank.com/public/index.php(67): CodeIgniter\CodeIgniter->run()
#10 {main}
ERROR - 2022-10-31 05:12:18 --> mysqli_sql_exception: Duplicate entry 'eddy_h99@yahoo.com' for key 'tbl_member.email' in /home/piggybankservice/api/api.tracklessbank.com/system/Database/MySQLi/Connection.php:292
Stack trace:
#0 /home/piggybankservice/api/api.tracklessbank.com/system/Database/MySQLi/Connection.php(292): mysqli->query('INSERT INTO `tb...', 0)
#1 /home/piggybankservice/api/api.tracklessbank.com/system/Database/BaseConnection.php(693): CodeIgniter\Database\MySQLi\Connection->execute('INSERT INTO `tb...')
#2 /home/piggybankservice/api/api.tracklessbank.com/system/Database/BaseConnection.php(620): CodeIgniter\Database\BaseConnection->simpleQuery('INSERT INTO `tb...')
#3 /home/piggybankservice/api/api.tracklessbank.com/system/Database/BaseBuilder.php(1916): CodeIgniter\Database\BaseConnection->query('INSERT INTO `tb...', Array, false)
#4 /home/piggybankservice/api/api.tracklessbank.com/app/Models/V1/Mdl_member.php(211): CodeIgniter\Database\BaseBuilder->insert(Array)
#5 /home/piggybankservice/api/api.tracklessbank.com/app/Controllers/V1/Auth.php(81): App\Models\Mdl_member->add(Array)
#6 /home/piggybankservice/api/api.tracklessbank.com/system/CodeIgniter.php(902): App\Controllers\V1\Auth->register()
#7 /home/piggybankservice/api/api.tracklessbank.com/system/CodeIgniter.php(457): CodeIgniter\CodeIgniter->runController(Object(App\Controllers\V1\Auth))
#8 /home/piggybankservice/api/api.tracklessbank.com/system/CodeIgniter.php(340): CodeIgniter\CodeIgniter->handleRequest(NULL, Object(Config\Cache), false)
#9 /home/piggybankservice/api/api.tracklessbank.com/public/index.php(67): CodeIgniter\CodeIgniter->run()
#10 {main}
CRITICAL - 2022-10-31 06:06:56 --> Undefined property: stdClass::$passwd
in APPPATH/Controllers/V1/Auth.php on line 184.
 1 APPPATH/Controllers/V1/Auth.php(184): CodeIgniter\Debug\Exceptions->errorHandler(8, 'Undefined property: stdClass::$passwd', 'APPPATH/Controllers/V1/Auth.php', 184, [...])
 2 SYSTEMPATH/CodeIgniter.php(902): App\Controllers\V1\Auth->signin()
 3 SYSTEMPATH/CodeIgniter.php(457): CodeIgniter\CodeIgniter->runController(Object(App\Controllers\V1\Auth))
 4 SYSTEMPATH/CodeIgniter.php(340): CodeIgniter\CodeIgniter->handleRequest(null, Object(Config\Cache), false)
 5 FCPATH/index.php(67): CodeIgniter\CodeIgniter->run()
CRITICAL - 2022-10-31 06:09:46 --> Undefined property: stdClass::$passwd
in APPPATH/Controllers/V1/Auth.php on line 184.
 1 APPPATH/Controllers/V1/Auth.php(184): CodeIgniter\Debug\Exceptions->errorHandler(8, 'Undefined property: stdClass::$passwd', 'APPPATH/Controllers/V1/Auth.php', 184, [...])
 2 SYSTEMPATH/CodeIgniter.php(902): App\Controllers\V1\Auth->signin()
 3 SYSTEMPATH/CodeIgniter.php(457): CodeIgniter\CodeIgniter->runController(Object(App\Controllers\V1\Auth))
 4 SYSTEMPATH/CodeIgniter.php(340): CodeIgniter\CodeIgniter->handleRequest(null, Object(Config\Cache), false)
 5 FCPATH/index.php(67): CodeIgniter\CodeIgniter->run()
CRITICAL - 2022-10-31 06:17:43 --> Undefined property: stdClass::$rcode
in APPPATH/Controllers/V1/Auth.php on line 190.
 1 APPPATH/Controllers/V1/Auth.php(190): CodeIgniter\Debug\Exceptions->errorHandler(8, 'Undefined property: stdClass::$rcode', 'APPPATH/Controllers/V1/Auth.php', 190, [...])
 2 SYSTEMPATH/CodeIgniter.php(902): App\Controllers\V1\Auth->signin()
 3 SYSTEMPATH/CodeIgniter.php(457): CodeIgniter\CodeIgniter->runController(Object(App\Controllers\V1\Auth))
 4 SYSTEMPATH/CodeIgniter.php(340): CodeIgniter\CodeIgniter->handleRequest(null, Object(Config\Cache), false)
 5 FCPATH/index.php(67): CodeIgniter\CodeIgniter->run()
