CRITICAL - 2022-11-10 09:27:15 --> Undefined index: cost_sender
in APPPATH/Controllers/V1/Member/Wallet.php on line 464.
 1 APPPATH/Controllers/V1/Member/Wallet.php(464): CodeIgniter\Debug\Exceptions->errorHandler(8, 'Undefined index: cost_sender', 'APPPATH/Controllers/V1/Member/Wallet.php', 464, [...])
 2 SYSTEMPATH/CodeIgniter.php(902): App\Controllers\V1\Member\Wallet->getSummary()
 3 SYSTEMPATH/CodeIgniter.php(457): CodeIgniter\CodeIgniter->runController(Object(App\Controllers\V1\Member\Wallet))
 4 SYSTEMPATH/CodeIgniter.php(340): CodeIgniter\CodeIgniter->handleRequest(null, Object(Config\Cache), false)
 5 FCPATH/index.php(67): CodeIgniter\CodeIgniter->run()
CRITICAL - 2022-11-10 09:29:24 --> Undefined index: fee_sender
in APPPATH/Controllers/V1/Member/Wallet.php on line 468.
 1 APPPATH/Controllers/V1/Member/Wallet.php(468): CodeIgniter\Debug\Exceptions->errorHandler(8, 'Undefined index: fee_sender', 'APPPATH/Controllers/V1/Member/Wallet.php', 468, [...])
 2 SYSTEMPATH/CodeIgniter.php(902): App\Controllers\V1\Member\Wallet->getSummary()
 3 SYSTEMPATH/CodeIgniter.php(457): CodeIgniter\CodeIgniter->runController(Object(App\Controllers\V1\Member\Wallet))
 4 SYSTEMPATH/CodeIgniter.php(340): CodeIgniter\CodeIgniter->handleRequest(null, Object(Config\Cache), false)
 5 FCPATH/index.php(67): CodeIgniter\CodeIgniter->run()
CRITICAL - 2022-11-10 09:30:02 --> Undefined property: stdClass::$referral_receive
in APPPATH/Controllers/V1/Member/Wallet.php on line 401.
 1 APPPATH/Controllers/V1/Member/Wallet.php(401): CodeIgniter\Debug\Exceptions->errorHandler(8, 'Undefined property: stdClass::$referral_receive', 'APPPATH/Controllers/V1/Member/Wallet.php', 401, [...])
 2 APPPATH/Controllers/V1/Member/Wallet.php(467): App\Controllers\V1\Member\Wallet->getFee('AED')
 3 SYSTEMPATH/CodeIgniter.php(902): App\Controllers\V1\Member\Wallet->getSummary()
 4 SYSTEMPATH/CodeIgniter.php(457): CodeIgniter\CodeIgniter->runController(Object(App\Controllers\V1\Member\Wallet))
 5 SYSTEMPATH/CodeIgniter.php(340): CodeIgniter\CodeIgniter->handleRequest(null, Object(Config\Cache), false)
 6 FCPATH/index.php(67): CodeIgniter\CodeIgniter->run()
CRITICAL - 2022-11-10 18:47:28 --> syntax error, unexpected ';', expecting ']'
in APPPATH/Controllers/V1/Auth.php on line 208.
 1 SYSTEMPATH/Router/Router.php(499): CodeIgniter\Router\AutoRouter->getRoute('v1/auth/signin')
 2 SYSTEMPATH/Router/Router.php(205): CodeIgniter\Router\Router->autoRoute('v1/auth/signin')
 3 SYSTEMPATH/CodeIgniter.php(777): CodeIgniter\Router\Router->handle('v1/auth/signin')
 4 SYSTEMPATH/CodeIgniter.php(406): CodeIgniter\CodeIgniter->tryToRouteIt(Object(CodeIgniter\Router\RouteCollection))
 5 SYSTEMPATH/CodeIgniter.php(340): CodeIgniter\CodeIgniter->handleRequest(null, Object(Config\Cache), false)
 6 FCPATH/index.php(67): CodeIgniter\CodeIgniter->run()
CRITICAL - 2022-11-10 20:12:47 --> Object of class stdClass could not be converted to string
in SYSTEMPATH/Database/Query.php on line 335.
 1 SYSTEMPATH/Database/Query.php(335): strtr('INSERT INTO `tbl_member_towallet` (`sender_id`, `receiver_id`, `amount`, `currency`, `pbs_sender_cost`, `pbs_receiver_cost`, `fee_sender`, `fee_receiver`, `referral_sender_fee`, `referral_receiver_fee`) VALUES (:sender_id:, :receiver_id:, :amount:, :currency:, :pbs_sender_cost:, :pbs_receiver_cost:, :fee_sender:, :fee_receiver:, :referral_sender_fee:, :referral_receiver_fee:)', [...])
 2 SYSTEMPATH/Database/Query.php(310): CodeIgniter\Database\Query->matchNamedBinds('INSERT INTO `tbl_member_towallet` (`sender_id`, `receiver_id`, `amount`, `currency`, `pbs_sender_cost`, `pbs_receiver_cost`, `fee_sender`, `fee_receiver`, `referral_sender_fee`, `referral_receiver_fee`) VALUES (:sender_id:, :receiver_id:, :amount:, :currency:, :pbs_sender_cost:, :pbs_receiver_cost:, :fee_sender:, :fee_receiver:, :referral_sender_fee:, :referral_receiver_fee:)', [...])
 3 SYSTEMPATH/Database/Query.php(159): CodeIgniter\Database\Query->compileBinds()
 4 SYSTEMPATH/Database/BaseConnection.php(620): CodeIgniter\Database\Query->getQuery()
 5 SYSTEMPATH/Database/BaseBuilder.php(1916): CodeIgniter\Database\BaseConnection->query('INSERT INTO `tbl_member_towallet` (`sender_id`, `receiver_id`, `amount`, `currency`, `pbs_sender_cost`, `pbs_receiver_cost`, `fee_sender`, `fee_receiver`, `referral_sender_fee`, `referral_receiver_fee`) VALUES (:sender_id:, :receiver_id:, :amount:, :currency:, :pbs_sender_cost:, :pbs_receiver_cost:, :fee_sender:, :fee_receiver:, :referral_sender_fee:, :referral_receiver_fee:)', [...], false)
 6 APPPATH/Models/V1/Mdl_wallet.php(82): CodeIgniter\Database\BaseBuilder->insert([...])
 7 APPPATH/Controllers/V1/Member/Wallet.php(570): App\Models\Mdl_wallet->wallet2wallet([...])
 8 SYSTEMPATH/CodeIgniter.php(902): App\Controllers\V1\Member\Wallet->walletTransfer()
 9 SYSTEMPATH/CodeIgniter.php(457): CodeIgniter\CodeIgniter->runController(Object(App\Controllers\V1\Member\Wallet))
10 SYSTEMPATH/CodeIgniter.php(340): CodeIgniter\CodeIgniter->handleRequest(null, Object(Config\Cache), false)
11 FCPATH/index.php(67): CodeIgniter\CodeIgniter->run()
ERROR - 2022-11-10 20:15:19 --> mysqli_sql_exception: Unknown column 'fee_sender' in 'field list' in /home/piggybankservice/api/api.tracklessbank.com/system/Database/MySQLi/Connection.php:292
Stack trace:
#0 /home/piggybankservice/api/api.tracklessbank.com/system/Database/MySQLi/Connection.php(292): mysqli->query('INSERT INTO `tb...', 0)
#1 /home/piggybankservice/api/api.tracklessbank.com/system/Database/BaseConnection.php(693): CodeIgniter\Database\MySQLi\Connection->execute('INSERT INTO `tb...')
#2 /home/piggybankservice/api/api.tracklessbank.com/system/Database/BaseConnection.php(620): CodeIgniter\Database\BaseConnection->simpleQuery('INSERT INTO `tb...')
#3 /home/piggybankservice/api/api.tracklessbank.com/system/Database/BaseBuilder.php(1916): CodeIgniter\Database\BaseConnection->query('INSERT INTO `tb...', Array, false)
#4 /home/piggybankservice/api/api.tracklessbank.com/app/Models/V1/Mdl_wallet.php(82): CodeIgniter\Database\BaseBuilder->insert(Array)
#5 /home/piggybankservice/api/api.tracklessbank.com/app/Controllers/V1/Member/Wallet.php(570): App\Models\Mdl_wallet->wallet2wallet(Array)
#6 /home/piggybankservice/api/api.tracklessbank.com/system/CodeIgniter.php(902): App\Controllers\V1\Member\Wallet->walletTransfer()
#7 /home/piggybankservice/api/api.tracklessbank.com/system/CodeIgniter.php(457): CodeIgniter\CodeIgniter->runController(Object(App\Controllers\V1\Member\Wallet))
#8 /home/piggybankservice/api/api.tracklessbank.com/system/CodeIgniter.php(340): CodeIgniter\CodeIgniter->handleRequest(NULL, Object(Config\Cache), false)
#9 /home/piggybankservice/api/api.tracklessbank.com/public/index.php(67): CodeIgniter\CodeIgniter->run()
#10 {main}
ERROR - 2022-11-10 20:16:11 --> mysqli_sql_exception: Unknown column 'fee_sender' in 'field list' in /home/piggybankservice/api/api.tracklessbank.com/system/Database/MySQLi/Connection.php:292
Stack trace:
#0 /home/piggybankservice/api/api.tracklessbank.com/system/Database/MySQLi/Connection.php(292): mysqli->query('INSERT INTO `tb...', 0)
#1 /home/piggybankservice/api/api.tracklessbank.com/system/Database/BaseConnection.php(693): CodeIgniter\Database\MySQLi\Connection->execute('INSERT INTO `tb...')
#2 /home/piggybankservice/api/api.tracklessbank.com/system/Database/BaseConnection.php(620): CodeIgniter\Database\BaseConnection->simpleQuery('INSERT INTO `tb...')
#3 /home/piggybankservice/api/api.tracklessbank.com/system/Database/BaseBuilder.php(1916): CodeIgniter\Database\BaseConnection->query('INSERT INTO `tb...', Array, false)
#4 /home/piggybankservice/api/api.tracklessbank.com/app/Models/V1/Mdl_wallet.php(82): CodeIgniter\Database\BaseBuilder->insert(Array)
#5 /home/piggybankservice/api/api.tracklessbank.com/app/Controllers/V1/Member/Wallet.php(570): App\Models\Mdl_wallet->wallet2wallet(Array)
#6 /home/piggybankservice/api/api.tracklessbank.com/system/CodeIgniter.php(902): App\Controllers\V1\Member\Wallet->walletTransfer()
#7 /home/piggybankservice/api/api.tracklessbank.com/system/CodeIgniter.php(457): CodeIgniter\CodeIgniter->runController(Object(App\Controllers\V1\Member\Wallet))
#8 /home/piggybankservice/api/api.tracklessbank.com/system/CodeIgniter.php(340): CodeIgniter\CodeIgniter->handleRequest(NULL, Object(Config\Cache), false)
#9 /home/piggybankservice/api/api.tracklessbank.com/public/index.php(67): CodeIgniter\CodeIgniter->run()
#10 {main}
ERROR - 2022-11-10 20:19:30 --> mysqli_sql_exception: Unknown column 'fee_sender' in 'field list' in /home/piggybankservice/api/api.tracklessbank.com/system/Database/MySQLi/Connection.php:292
Stack trace:
#0 /home/piggybankservice/api/api.tracklessbank.com/system/Database/MySQLi/Connection.php(292): mysqli->query('INSERT INTO `tb...', 0)
#1 /home/piggybankservice/api/api.tracklessbank.com/system/Database/BaseConnection.php(693): CodeIgniter\Database\MySQLi\Connection->execute('INSERT INTO `tb...')
#2 /home/piggybankservice/api/api.tracklessbank.com/system/Database/BaseConnection.php(620): CodeIgniter\Database\BaseConnection->simpleQuery('INSERT INTO `tb...')
#3 /home/piggybankservice/api/api.tracklessbank.com/system/Database/BaseBuilder.php(1916): CodeIgniter\Database\BaseConnection->query('INSERT INTO `tb...', Array, false)
#4 /home/piggybankservice/api/api.tracklessbank.com/app/Models/V1/Mdl_wallet.php(82): CodeIgniter\Database\BaseBuilder->insert(Array)
#5 /home/piggybankservice/api/api.tracklessbank.com/app/Controllers/V1/Member/Wallet.php(570): App\Models\Mdl_wallet->wallet2wallet(Array)
#6 /home/piggybankservice/api/api.tracklessbank.com/system/CodeIgniter.php(902): App\Controllers\V1\Member\Wallet->walletTransfer()
#7 /home/piggybankservice/api/api.tracklessbank.com/system/CodeIgniter.php(457): CodeIgniter\CodeIgniter->runController(Object(App\Controllers\V1\Member\Wallet))
#8 /home/piggybankservice/api/api.tracklessbank.com/system/CodeIgniter.php(340): CodeIgniter\CodeIgniter->handleRequest(NULL, Object(Config\Cache), false)
#9 /home/piggybankservice/api/api.tracklessbank.com/public/index.php(67): CodeIgniter\CodeIgniter->run()
#10 {main}
ERROR - 2022-11-10 22:24:53 --> mysqli_sql_exception: Unknown column 'fee_sender' in 'field list' in /home/piggybankservice/api/api.tracklessbank.com/system/Database/MySQLi/Connection.php:292
Stack trace:
#0 /home/piggybankservice/api/api.tracklessbank.com/system/Database/MySQLi/Connection.php(292): mysqli->query('INSERT INTO `tb...', 0)
#1 /home/piggybankservice/api/api.tracklessbank.com/system/Database/BaseConnection.php(693): CodeIgniter\Database\MySQLi\Connection->execute('INSERT INTO `tb...')
#2 /home/piggybankservice/api/api.tracklessbank.com/system/Database/BaseConnection.php(620): CodeIgniter\Database\BaseConnection->simpleQuery('INSERT INTO `tb...')
#3 /home/piggybankservice/api/api.tracklessbank.com/system/Database/BaseBuilder.php(1916): CodeIgniter\Database\BaseConnection->query('INSERT INTO `tb...', Array, false)
#4 /home/piggybankservice/api/api.tracklessbank.com/app/Models/V1/Mdl_wallet.php(82): CodeIgniter\Database\BaseBuilder->insert(Array)
#5 /home/piggybankservice/api/api.tracklessbank.com/app/Controllers/V1/Member/Wallet.php(570): App\Models\Mdl_wallet->wallet2wallet(Array)
#6 /home/piggybankservice/api/api.tracklessbank.com/system/CodeIgniter.php(902): App\Controllers\V1\Member\Wallet->walletTransfer()
#7 /home/piggybankservice/api/api.tracklessbank.com/system/CodeIgniter.php(457): CodeIgniter\CodeIgniter->runController(Object(App\Controllers\V1\Member\Wallet))
#8 /home/piggybankservice/api/api.tracklessbank.com/system/CodeIgniter.php(340): CodeIgniter\CodeIgniter->handleRequest(NULL, Object(Config\Cache), false)
#9 /home/piggybankservice/api/api.tracklessbank.com/public/index.php(67): CodeIgniter\CodeIgniter->run()
#10 {main}
