ERROR - 2022-10-30 02:17:32 --> mysqli_sql_exception: Unknown column 'tbl_currency' in 'field list' in /home/piggybankservice/api/api.tracklessbank.com/system/Database/MySQLi/Connection.php:292
Stack trace:
#0 /home/piggybankservice/api/api.tracklessbank.com/system/Database/MySQLi/Connection.php(292): mysqli->query('UPDATE `tbl_cur...', 0)
#1 /home/piggybankservice/api/api.tracklessbank.com/system/Database/BaseConnection.php(693): CodeIgniter\Database\MySQLi\Connection->execute('UPDATE `tbl_cur...')
#2 /home/piggybankservice/api/api.tracklessbank.com/system/Database/BaseConnection.php(620): CodeIgniter\Database\BaseConnection->simpleQuery('UPDATE `tbl_cur...')
#3 /home/piggybankservice/api/api.tracklessbank.com/system/Database/BaseBuilder.php(2079): CodeIgniter\Database\BaseConnection->query('UPDATE `tbl_cur...', Array, false)
#4 /home/piggybankservice/api/api.tracklessbank.com/app/Models/V1/Mdl_currency.php(64): CodeIgniter\Database\BaseBuilder->update('tbl_currency', Array)
#5 /home/piggybankservice/api/api.tracklessbank.com/app/Controllers/V1/Admin/Currency.php(55): App\Models\Mdl_currency->enable('GBP')
#6 /home/piggybankservice/api/api.tracklessbank.com/system/CodeIgniter.php(902): App\Controllers\V1\Admin\Currency->currencyStatus()
#7 /home/piggybankservice/api/api.tracklessbank.com/system/CodeIgniter.php(457): CodeIgniter\CodeIgniter->runController(Object(App\Controllers\V1\Admin\Currency))
#8 /home/piggybankservice/api/api.tracklessbank.com/system/CodeIgniter.php(340): CodeIgniter\CodeIgniter->handleRequest(NULL, Object(Config\Cache), false)
#9 /home/piggybankservice/api/api.tracklessbank.com/public/index.php(67): CodeIgniter\CodeIgniter->run()
#10 {main}
ERROR - 2022-10-30 02:21:30 --> mysqli_sql_exception: Unknown column 'tbl_currency' in 'field list' in /home/piggybankservice/api/api.tracklessbank.com/system/Database/MySQLi/Connection.php:292
Stack trace:
#0 /home/piggybankservice/api/api.tracklessbank.com/system/Database/MySQLi/Connection.php(292): mysqli->query('UPDATE `tbl_cur...', 0)
#1 /home/piggybankservice/api/api.tracklessbank.com/system/Database/BaseConnection.php(693): CodeIgniter\Database\MySQLi\Connection->execute('UPDATE `tbl_cur...')
#2 /home/piggybankservice/api/api.tracklessbank.com/system/Database/BaseConnection.php(620): CodeIgniter\Database\BaseConnection->simpleQuery('UPDATE `tbl_cur...')
#3 /home/piggybankservice/api/api.tracklessbank.com/system/Database/BaseBuilder.php(2079): CodeIgniter\Database\BaseConnection->query('UPDATE `tbl_cur...', Array, false)
#4 /home/piggybankservice/api/api.tracklessbank.com/app/Models/V1/Mdl_currency.php(64): CodeIgniter\Database\BaseBuilder->update('tbl_currency', Array)
#5 /home/piggybankservice/api/api.tracklessbank.com/app/Controllers/V1/Admin/Currency.php(55): App\Models\Mdl_currency->enable('GBP')
#6 /home/piggybankservice/api/api.tracklessbank.com/system/CodeIgniter.php(902): App\Controllers\V1\Admin\Currency->currencyStatus()
#7 /home/piggybankservice/api/api.tracklessbank.com/system/CodeIgniter.php(457): CodeIgniter\CodeIgniter->runController(Object(App\Controllers\V1\Admin\Currency))
#8 /home/piggybankservice/api/api.tracklessbank.com/system/CodeIgniter.php(340): CodeIgniter\CodeIgniter->handleRequest(NULL, Object(Config\Cache), false)
#9 /home/piggybankservice/api/api.tracklessbank.com/public/index.php(67): CodeIgniter\CodeIgniter->run()
#10 {main}
ERROR - 2022-10-30 02:27:15 --> mysqli_sql_exception: Unknown column 'tbl_currency' in 'field list' in /home/piggybankservice/api/api.tracklessbank.com/system/Database/MySQLi/Connection.php:292
Stack trace:
#0 /home/piggybankservice/api/api.tracklessbank.com/system/Database/MySQLi/Connection.php(292): mysqli->query('UPDATE `tbl_cur...', 0)
#1 /home/piggybankservice/api/api.tracklessbank.com/system/Database/BaseConnection.php(693): CodeIgniter\Database\MySQLi\Connection->execute('UPDATE `tbl_cur...')
#2 /home/piggybankservice/api/api.tracklessbank.com/system/Database/BaseConnection.php(620): CodeIgniter\Database\BaseConnection->simpleQuery('UPDATE `tbl_cur...')
#3 /home/piggybankservice/api/api.tracklessbank.com/system/Database/BaseBuilder.php(2079): CodeIgniter\Database\BaseConnection->query('UPDATE `tbl_cur...', Array, false)
#4 /home/piggybankservice/api/api.tracklessbank.com/app/Models/V1/Mdl_currency.php(86): CodeIgniter\Database\BaseBuilder->update('tbl_currency', Array)
#5 /home/piggybankservice/api/api.tracklessbank.com/app/Controllers/V1/Admin/Currency.php(63): App\Models\Mdl_currency->disable('GBP')
#6 /home/piggybankservice/api/api.tracklessbank.com/system/CodeIgniter.php(902): App\Controllers\V1\Admin\Currency->currencyStatus()
#7 /home/piggybankservice/api/api.tracklessbank.com/system/CodeIgniter.php(457): CodeIgniter\CodeIgniter->runController(Object(App\Controllers\V1\Admin\Currency))
#8 /home/piggybankservice/api/api.tracklessbank.com/system/CodeIgniter.php(340): CodeIgniter\CodeIgniter->handleRequest(NULL, Object(Config\Cache), false)
#9 /home/piggybankservice/api/api.tracklessbank.com/public/index.php(67): CodeIgniter\CodeIgniter->run()
#10 {main}
ERROR - 2022-10-30 02:27:52 --> mysqli_sql_exception: Unknown column 'tbl_currency' in 'field list' in /home/piggybankservice/api/api.tracklessbank.com/system/Database/MySQLi/Connection.php:292
Stack trace:
#0 /home/piggybankservice/api/api.tracklessbank.com/system/Database/MySQLi/Connection.php(292): mysqli->query('UPDATE `tbl_cur...', 0)
#1 /home/piggybankservice/api/api.tracklessbank.com/system/Database/BaseConnection.php(693): CodeIgniter\Database\MySQLi\Connection->execute('UPDATE `tbl_cur...')
#2 /home/piggybankservice/api/api.tracklessbank.com/system/Database/BaseConnection.php(620): CodeIgniter\Database\BaseConnection->simpleQuery('UPDATE `tbl_cur...')
#3 /home/piggybankservice/api/api.tracklessbank.com/system/Database/BaseBuilder.php(2079): CodeIgniter\Database\BaseConnection->query('UPDATE `tbl_cur...', Array, false)
#4 /home/piggybankservice/api/api.tracklessbank.com/app/Models/V1/Mdl_currency.php(64): CodeIgniter\Database\BaseBuilder->update('tbl_currency', Array)
#5 /home/piggybankservice/api/api.tracklessbank.com/app/Controllers/V1/Admin/Currency.php(56): App\Models\Mdl_currency->enable('GBP')
#6 /home/piggybankservice/api/api.tracklessbank.com/system/CodeIgniter.php(902): App\Controllers\V1\Admin\Currency->currencyStatus()
#7 /home/piggybankservice/api/api.tracklessbank.com/system/CodeIgniter.php(457): CodeIgniter\CodeIgniter->runController(Object(App\Controllers\V1\Admin\Currency))
#8 /home/piggybankservice/api/api.tracklessbank.com/system/CodeIgniter.php(340): CodeIgniter\CodeIgniter->handleRequest(NULL, Object(Config\Cache), false)
#9 /home/piggybankservice/api/api.tracklessbank.com/public/index.php(67): CodeIgniter\CodeIgniter->run()
#10 {main}
ERROR - 2022-10-30 02:29:23 --> mysqli_sql_exception: Unknown column 'tbl_currency' in 'field list' in /home/piggybankservice/api/api.tracklessbank.com/system/Database/MySQLi/Connection.php:292
Stack trace:
#0 /home/piggybankservice/api/api.tracklessbank.com/system/Database/MySQLi/Connection.php(292): mysqli->query('UPDATE `tbl_cur...', 0)
#1 /home/piggybankservice/api/api.tracklessbank.com/system/Database/BaseConnection.php(693): CodeIgniter\Database\MySQLi\Connection->execute('UPDATE `tbl_cur...')
#2 /home/piggybankservice/api/api.tracklessbank.com/system/Database/BaseConnection.php(620): CodeIgniter\Database\BaseConnection->simpleQuery('UPDATE `tbl_cur...')
#3 /home/piggybankservice/api/api.tracklessbank.com/system/Database/BaseBuilder.php(2079): CodeIgniter\Database\BaseConnection->query('UPDATE `tbl_cur...', Array, false)
#4 /home/piggybankservice/api/api.tracklessbank.com/app/Models/V1/Mdl_currency.php(64): CodeIgniter\Database\BaseBuilder->update('tbl_currency', Array)
#5 /home/piggybankservice/api/api.tracklessbank.com/app/Controllers/V1/Admin/Currency.php(56): App\Models\Mdl_currency->enable('GBP')
#6 /home/piggybankservice/api/api.tracklessbank.com/system/CodeIgniter.php(902): App\Controllers\V1\Admin\Currency->currencyStatus()
#7 /home/piggybankservice/api/api.tracklessbank.com/system/CodeIgniter.php(457): CodeIgniter\CodeIgniter->runController(Object(App\Controllers\V1\Admin\Currency))
#8 /home/piggybankservice/api/api.tracklessbank.com/system/CodeIgniter.php(340): CodeIgniter\CodeIgniter->handleRequest(NULL, Object(Config\Cache), false)
#9 /home/piggybankservice/api/api.tracklessbank.com/public/index.php(67): CodeIgniter\CodeIgniter->run()
#10 {main}
ERROR - 2022-10-30 07:04:12 --> mysqli_sql_exception: Unknown column 'm1.activated' in 'field list' in /home/piggybankservice/api/api.tracklessbank.com/system/Database/MySQLi/Connection.php:292
Stack trace:
#0 /home/piggybankservice/api/api.tracklessbank.com/system/Database/MySQLi/Connection.php(292): mysqli->query('SELECT m1.`id`,...', 0)
#1 /home/piggybankservice/api/api.tracklessbank.com/system/Database/BaseConnection.php(693): CodeIgniter\Database\MySQLi\Connection->execute('SELECT m1.`id`,...')
#2 /home/piggybankservice/api/api.tracklessbank.com/system/Database/BaseConnection.php(620): CodeIgniter\Database\BaseConnection->simpleQuery('SELECT m1.`id`,...')
#3 /home/piggybankservice/api/api.tracklessbank.com/app/Models/V1/Admin/Mdl_member.php(20): CodeIgniter\Database\BaseConnection->query('SELECT m1.`id`,...', Array)
#4 /home/piggybankservice/api/api.tracklessbank.com/app/Controllers/V1/Admin/Member.php(34): App\Models\Mdl_member->get_all('1', 'Asia/Makassar')
#5 /home/piggybankservice/api/api.tracklessbank.com/system/CodeIgniter.php(902): App\Controllers\V1\Admin\Member->getAll()
#6 /home/piggybankservice/api/api.tracklessbank.com/system/CodeIgniter.php(457): CodeIgniter\CodeIgniter->runController(Object(App\Controllers\V1\Admin\Member))
#7 /home/piggybankservice/api/api.tracklessbank.com/system/CodeIgniter.php(340): CodeIgniter\CodeIgniter->handleRequest(NULL, Object(Config\Cache), false)
#8 /home/piggybankservice/api/api.tracklessbank.com/public/index.php(67): CodeIgniter\CodeIgniter->run()
#9 {main}
CRITICAL - 2022-10-30 07:04:12 --> Call to a member function getResult() on bool
in APPPATH/Models/V1/Admin/Mdl_member.php on line 20.
 1 APPPATH/Controllers/V1/Admin/Member.php(34): App\Models\Mdl_member->get_all('1', 'Asia/Makassar')
 2 SYSTEMPATH/CodeIgniter.php(902): App\Controllers\V1\Admin\Member->getAll()
 3 SYSTEMPATH/CodeIgniter.php(457): CodeIgniter\CodeIgniter->runController(Object(App\Controllers\V1\Admin\Member))
 4 SYSTEMPATH/CodeIgniter.php(340): CodeIgniter\CodeIgniter->handleRequest(null, Object(Config\Cache), false)
 5 FCPATH/index.php(67): CodeIgniter\CodeIgniter->run()
ERROR - 2022-10-30 07:04:41 --> mysqli_sql_exception: Column 'bank_id' in where clause is ambiguous in /home/piggybankservice/api/api.tracklessbank.com/system/Database/MySQLi/Connection.php:292
Stack trace:
#0 /home/piggybankservice/api/api.tracklessbank.com/system/Database/MySQLi/Connection.php(292): mysqli->query('SELECT m1.`id`,...', 0)
#1 /home/piggybankservice/api/api.tracklessbank.com/system/Database/BaseConnection.php(693): CodeIgniter\Database\MySQLi\Connection->execute('SELECT m1.`id`,...')
#2 /home/piggybankservice/api/api.tracklessbank.com/system/Database/BaseConnection.php(620): CodeIgniter\Database\BaseConnection->simpleQuery('SELECT m1.`id`,...')
#3 /home/piggybankservice/api/api.tracklessbank.com/app/Models/V1/Admin/Mdl_member.php(20): CodeIgniter\Database\BaseConnection->query('SELECT m1.`id`,...', Array)
#4 /home/piggybankservice/api/api.tracklessbank.com/app/Controllers/V1/Admin/Member.php(34): App\Models\Mdl_member->get_all('1', 'Asia/Makassar')
#5 /home/piggybankservice/api/api.tracklessbank.com/system/CodeIgniter.php(902): App\Controllers\V1\Admin\Member->getAll()
#6 /home/piggybankservice/api/api.tracklessbank.com/system/CodeIgniter.php(457): CodeIgniter\CodeIgniter->runController(Object(App\Controllers\V1\Admin\Member))
#7 /home/piggybankservice/api/api.tracklessbank.com/system/CodeIgniter.php(340): CodeIgniter\CodeIgniter->handleRequest(NULL, Object(Config\Cache), false)
#8 /home/piggybankservice/api/api.tracklessbank.com/public/index.php(67): CodeIgniter\CodeIgniter->run()
#9 {main}
CRITICAL - 2022-10-30 07:04:41 --> Call to a member function getResult() on bool
in APPPATH/Models/V1/Admin/Mdl_member.php on line 20.
 1 APPPATH/Controllers/V1/Admin/Member.php(34): App\Models\Mdl_member->get_all('1', 'Asia/Makassar')
 2 SYSTEMPATH/CodeIgniter.php(902): App\Controllers\V1\Admin\Member->getAll()
 3 SYSTEMPATH/CodeIgniter.php(457): CodeIgniter\CodeIgniter->runController(Object(App\Controllers\V1\Admin\Member))
 4 SYSTEMPATH/CodeIgniter.php(340): CodeIgniter\CodeIgniter->handleRequest(null, Object(Config\Cache), false)
 5 FCPATH/index.php(67): CodeIgniter\CodeIgniter->run()
ERROR - 2022-10-30 08:00:51 --> mysqli_sql_exception: Unknown column 'bank_id' in 'where clause' in /home/piggybankservice/api/api.tracklessbank.com/system/Database/MySQLi/Connection.php:292
Stack trace:
#0 /home/piggybankservice/api/api.tracklessbank.com/system/Database/MySQLi/Connection.php(292): mysqli->query('SELECT ucode_mw...', 0)
#1 /home/piggybankservice/api/api.tracklessbank.com/system/Database/BaseConnection.php(693): CodeIgniter\Database\MySQLi\Connection->execute('SELECT ucode_mw...')
#2 /home/piggybankservice/api/api.tracklessbank.com/system/Database/BaseConnection.php(620): CodeIgniter\Database\BaseConnection->simpleQuery('SELECT ucode_mw...')
#3 /home/piggybankservice/api/api.tracklessbank.com/app/Models/V1/Admin/Mdl_member.php(19): CodeIgniter\Database\BaseConnection->query('SELECT ucode_mw...', '1')
#4 /home/piggybankservice/api/api.tracklessbank.com/app/Controllers/V1/Admin/Member.php(34): App\Models\Mdl_member->get_all('1', 'Asia/Makassar')
#5 /home/piggybankservice/api/api.tracklessbank.com/system/CodeIgniter.php(902): App\Controllers\V1\Admin\Member->getAll()
#6 /home/piggybankservice/api/api.tracklessbank.com/system/CodeIgniter.php(457): CodeIgniter\CodeIgniter->runController(Object(App\Controllers\V1\Admin\Member))
#7 /home/piggybankservice/api/api.tracklessbank.com/system/CodeIgniter.php(340): CodeIgniter\CodeIgniter->handleRequest(NULL, Object(Config\Cache), false)
#8 /home/piggybankservice/api/api.tracklessbank.com/public/index.php(67): CodeIgniter\CodeIgniter->run()
#9 {main}
CRITICAL - 2022-10-30 08:00:51 --> Call to a member function getRow() on bool
in APPPATH/Models/V1/Admin/Mdl_member.php on line 19.
 1 APPPATH/Controllers/V1/Admin/Member.php(34): App\Models\Mdl_member->get_all('1', 'Asia/Makassar')
 2 SYSTEMPATH/CodeIgniter.php(902): App\Controllers\V1\Admin\Member->getAll()
 3 SYSTEMPATH/CodeIgniter.php(457): CodeIgniter\CodeIgniter->runController(Object(App\Controllers\V1\Admin\Member))
 4 SYSTEMPATH/CodeIgniter.php(340): CodeIgniter\CodeIgniter->handleRequest(null, Object(Config\Cache), false)
 5 FCPATH/index.php(67): CodeIgniter\CodeIgniter->run()
CRITICAL - 2022-10-30 08:01:42 --> Object of class stdClass could not be converted to string
in SYSTEMPATH/Database/Query.php on line 362.
 1 SYSTEMPATH/Database/Query.php(362): substr_replace('SELECT m1.`id`, m1.`ucode`, m1.`refcode`, m1.`email`, m1.`passwd`, m1.`status`, m1.`token`, m1.`id_referral`, convert_tz(m1.`date_created`, \'Asia/Singapore\', ?) AS date_created, convert_tz(m1.`last_accessed`, \'Asia/Singapore\', ?) AS last_accessed, m1.`location`, IFNULL(m2.ucode, ?) AS referral FROM `tbl_member` m1 LEFT JOIN `tbl_member` m2 ON m1.`id_referral`=m2.`id` WHERE m1.bank_id=\'1\'', Object(stdClass), 280, 1)
 2 SYSTEMPATH/Database/Query.php(304): CodeIgniter\Database\Query->matchSimpleBinds('SELECT m1.`id`, m1.`ucode`, m1.`refcode`, m1.`email`, m1.`passwd`, m1.`status`, m1.`token`, m1.`id_referral`, convert_tz(m1.`date_created`, \'Asia/Singapore\', ?) AS date_created, convert_tz(m1.`last_accessed`, \'Asia/Singapore\', ?) AS last_accessed, m1.`location`, IFNULL(m2.ucode, ?) AS referral FROM `tbl_member` m1 LEFT JOIN `tbl_member` m2 ON m1.`id_referral`=m2.`id` WHERE m1.bank_id=\'1\'', [...], 4, 1)
 3 SYSTEMPATH/Database/Query.php(159): CodeIgniter\Database\Query->compileBinds()
 4 SYSTEMPATH/Database/BaseConnection.php(620): CodeIgniter\Database\Query->getQuery()
 5 APPPATH/Models/V1/Admin/Mdl_member.php(23): CodeIgniter\Database\BaseConnection->query('SELECT m1.`id`, m1.`ucode`, m1.`refcode`, m1.`email`, m1.`passwd`, m1.`status`, m1.`token`, m1.`id_referral`, convert_tz(m1.`date_created`, \'Asia/Singapore\', ?) AS date_created, convert_tz(m1.`last_accessed`, \'Asia/Singapore\', ?) AS last_accessed, m1.`location`, IFNULL(m2.ucode, ?) AS referral FROM `tbl_member` m1 LEFT JOIN `tbl_member` m2 ON m1.`id_referral`=m2.`id` WHERE m1.bank_id=?', [...])
 6 APPPATH/Controllers/V1/Admin/Member.php(34): App\Models\Mdl_member->get_all('1', 'Asia/Makassar')
 7 SYSTEMPATH/CodeIgniter.php(902): App\Controllers\V1\Admin\Member->getAll()
 8 SYSTEMPATH/CodeIgniter.php(457): CodeIgniter\CodeIgniter->runController(Object(App\Controllers\V1\Admin\Member))
 9 SYSTEMPATH/CodeIgniter.php(340): CodeIgniter\CodeIgniter->handleRequest(null, Object(Config\Cache), false)
10 FCPATH/index.php(67): CodeIgniter\CodeIgniter->run()
CRITICAL - 2022-10-30 08:17:59 --> Undefined variable: currency
in APPPATH/Controllers/V1/Member/Currency.php on line 65.
 1 APPPATH/Controllers/V1/Member/Currency.php(65): CodeIgniter\Debug\Exceptions->errorHandler(8, 'Undefined variable: currency', 'APPPATH/Controllers/V1/Member/Currency.php', 65, [...])
 2 SYSTEMPATH/CodeIgniter.php(902): App\Controllers\V1\Member\Currency->setCurrency()
 3 SYSTEMPATH/CodeIgniter.php(457): CodeIgniter\CodeIgniter->runController(Object(App\Controllers\V1\Member\Currency))
 4 SYSTEMPATH/CodeIgniter.php(340): CodeIgniter\CodeIgniter->handleRequest(null, Object(Config\Cache), false)
 5 FCPATH/index.php(67): CodeIgniter\CodeIgniter->run()
