ERROR - 2022-11-15 01:02:10 --> mysqli_sql_exception: Operand should contain 1 column(s) in /home/piggybankservice/api/api.tracklessbank.com/system/Database/MySQLi/Connection.php:292
Stack trace:
#0 /home/piggybankservice/api/api.tracklessbank.com/system/Database/MySQLi/Connection.php(292): mysqli->query('SELECT sum(x.am...', 0)
#1 /home/piggybankservice/api/api.tracklessbank.com/system/Database/BaseConnection.php(693): CodeIgniter\Database\MySQLi\Connection->execute('SELECT sum(x.am...')
#2 /home/piggybankservice/api/api.tracklessbank.com/system/Database/BaseConnection.php(620): CodeIgniter\Database\BaseConnection->simpleQuery('SELECT sum(x.am...')
#3 /home/piggybankservice/api/api.tracklessbank.com/app/Models/V1/Mdl_wallet.php(75): CodeIgniter\Database\BaseConnection->query('SELECT sum(x.am...', Array)
#4 /home/piggybankservice/api/api.tracklessbank.com/app/Models/V1/Mdl_currency.php(36): App\Models\Mdl_wallet->get_balance(Array, 'AED')
#5 /home/piggybankservice/api/api.tracklessbank.com/app/Controllers/V1/Member/Currency.php(37): App\Models\Mdl_currency->get_active(Array)
#6 /home/piggybankservice/api/api.tracklessbank.com/system/CodeIgniter.php(902): App\Controllers\V1\Member\Currency->getActiveCurrency()
#7 /home/piggybankservice/api/api.tracklessbank.com/system/CodeIgniter.php(457): CodeIgniter\CodeIgniter->runController(Object(App\Controllers\V1\Member\Currency))
#8 /home/piggybankservice/api/api.tracklessbank.com/system/CodeIgniter.php(340): CodeIgniter\CodeIgniter->handleRequest(NULL, Object(Config\Cache), false)
#9 /home/piggybankservice/api/api.tracklessbank.com/public/index.php(67): CodeIgniter\CodeIgniter->run()
#10 {main}
CRITICAL - 2022-11-15 01:02:10 --> Call to a member function getRow() on bool
in APPPATH/Models/V1/Mdl_wallet.php on line 75.
 1 APPPATH/Models/V1/Mdl_currency.php(36): App\Models\Mdl_wallet->get_balance([...], 'AED')
 2 APPPATH/Controllers/V1/Member/Currency.php(37): App\Models\Mdl_currency->get_active([...])
 3 SYSTEMPATH/CodeIgniter.php(902): App\Controllers\V1\Member\Currency->getActiveCurrency()
 4 SYSTEMPATH/CodeIgniter.php(457): CodeIgniter\CodeIgniter->runController(Object(App\Controllers\V1\Member\Currency))
 5 SYSTEMPATH/CodeIgniter.php(340): CodeIgniter\CodeIgniter->handleRequest(null, Object(Config\Cache), false)
 6 FCPATH/index.php(67): CodeIgniter\CodeIgniter->run()
ERROR - 2022-11-15 01:02:42 --> mysqli_sql_exception: Operand should contain 1 column(s) in /home/piggybankservice/api/api.tracklessbank.com/system/Database/MySQLi/Connection.php:292
Stack trace:
#0 /home/piggybankservice/api/api.tracklessbank.com/system/Database/MySQLi/Connection.php(292): mysqli->query('SELECT sum(x.am...', 0)
#1 /home/piggybankservice/api/api.tracklessbank.com/system/Database/BaseConnection.php(693): CodeIgniter\Database\MySQLi\Connection->execute('SELECT sum(x.am...')
#2 /home/piggybankservice/api/api.tracklessbank.com/system/Database/BaseConnection.php(620): CodeIgniter\Database\BaseConnection->simpleQuery('SELECT sum(x.am...')
#3 /home/piggybankservice/api/api.tracklessbank.com/app/Models/V1/Mdl_wallet.php(75): CodeIgniter\Database\BaseConnection->query('SELECT sum(x.am...', Array)
#4 /home/piggybankservice/api/api.tracklessbank.com/app/Models/V1/Mdl_currency.php(36): App\Models\Mdl_wallet->get_balance(Array, 'AED')
#5 /home/piggybankservice/api/api.tracklessbank.com/app/Controllers/V1/Member/Currency.php(37): App\Models\Mdl_currency->get_active(Array)
#6 /home/piggybankservice/api/api.tracklessbank.com/system/CodeIgniter.php(902): App\Controllers\V1\Member\Currency->getActiveCurrency()
#7 /home/piggybankservice/api/api.tracklessbank.com/system/CodeIgniter.php(457): CodeIgniter\CodeIgniter->runController(Object(App\Controllers\V1\Member\Currency))
#8 /home/piggybankservice/api/api.tracklessbank.com/system/CodeIgniter.php(340): CodeIgniter\CodeIgniter->handleRequest(NULL, Object(Config\Cache), false)
#9 /home/piggybankservice/api/api.tracklessbank.com/public/index.php(67): CodeIgniter\CodeIgniter->run()
#10 {main}
CRITICAL - 2022-11-15 01:02:42 --> Call to a member function getRow() on bool
in APPPATH/Models/V1/Mdl_wallet.php on line 75.
 1 APPPATH/Models/V1/Mdl_currency.php(36): App\Models\Mdl_wallet->get_balance([...], 'AED')
 2 APPPATH/Controllers/V1/Member/Currency.php(37): App\Models\Mdl_currency->get_active([...])
 3 SYSTEMPATH/CodeIgniter.php(902): App\Controllers\V1\Member\Currency->getActiveCurrency()
 4 SYSTEMPATH/CodeIgniter.php(457): CodeIgniter\CodeIgniter->runController(Object(App\Controllers\V1\Member\Currency))
 5 SYSTEMPATH/CodeIgniter.php(340): CodeIgniter\CodeIgniter->handleRequest(null, Object(Config\Cache), false)
 6 FCPATH/index.php(67): CodeIgniter\CodeIgniter->run()
ERROR - 2022-11-15 01:03:05 --> mysqli_sql_exception: Operand should contain 1 column(s) in /home/piggybankservice/api/api.tracklessbank.com/system/Database/MySQLi/Connection.php:292
Stack trace:
#0 /home/piggybankservice/api/api.tracklessbank.com/system/Database/MySQLi/Connection.php(292): mysqli->query('SELECT sum(x.am...', 0)
#1 /home/piggybankservice/api/api.tracklessbank.com/system/Database/BaseConnection.php(693): CodeIgniter\Database\MySQLi\Connection->execute('SELECT sum(x.am...')
#2 /home/piggybankservice/api/api.tracklessbank.com/system/Database/BaseConnection.php(620): CodeIgniter\Database\BaseConnection->simpleQuery('SELECT sum(x.am...')
#3 /home/piggybankservice/api/api.tracklessbank.com/app/Models/V1/Mdl_wallet.php(75): CodeIgniter\Database\BaseConnection->query('SELECT sum(x.am...', Array)
#4 /home/piggybankservice/api/api.tracklessbank.com/app/Models/V1/Mdl_currency.php(36): App\Models\Mdl_wallet->get_balance(Array, 'AED')
#5 /home/piggybankservice/api/api.tracklessbank.com/app/Controllers/V1/Member/Currency.php(37): App\Models\Mdl_currency->get_active(Array)
#6 /home/piggybankservice/api/api.tracklessbank.com/system/CodeIgniter.php(902): App\Controllers\V1\Member\Currency->getActiveCurrency()
#7 /home/piggybankservice/api/api.tracklessbank.com/system/CodeIgniter.php(457): CodeIgniter\CodeIgniter->runController(Object(App\Controllers\V1\Member\Currency))
#8 /home/piggybankservice/api/api.tracklessbank.com/system/CodeIgniter.php(340): CodeIgniter\CodeIgniter->handleRequest(NULL, Object(Config\Cache), false)
#9 /home/piggybankservice/api/api.tracklessbank.com/public/index.php(67): CodeIgniter\CodeIgniter->run()
#10 {main}
CRITICAL - 2022-11-15 01:03:05 --> Call to a member function getRow() on bool
in APPPATH/Models/V1/Mdl_wallet.php on line 75.
 1 APPPATH/Models/V1/Mdl_currency.php(36): App\Models\Mdl_wallet->get_balance([...], 'AED')
 2 APPPATH/Controllers/V1/Member/Currency.php(37): App\Models\Mdl_currency->get_active([...])
 3 SYSTEMPATH/CodeIgniter.php(902): App\Controllers\V1\Member\Currency->getActiveCurrency()
 4 SYSTEMPATH/CodeIgniter.php(457): CodeIgniter\CodeIgniter->runController(Object(App\Controllers\V1\Member\Currency))
 5 SYSTEMPATH/CodeIgniter.php(340): CodeIgniter\CodeIgniter->handleRequest(null, Object(Config\Cache), false)
 6 FCPATH/index.php(67): CodeIgniter\CodeIgniter->run()
ERROR - 2022-11-15 01:03:38 --> mysqli_sql_exception: Operand should contain 1 column(s) in /home/piggybankservice/api/api.tracklessbank.com/system/Database/MySQLi/Connection.php:292
Stack trace:
#0 /home/piggybankservice/api/api.tracklessbank.com/system/Database/MySQLi/Connection.php(292): mysqli->query('SELECT sum(x.am...', 0)
#1 /home/piggybankservice/api/api.tracklessbank.com/system/Database/BaseConnection.php(693): CodeIgniter\Database\MySQLi\Connection->execute('SELECT sum(x.am...')
#2 /home/piggybankservice/api/api.tracklessbank.com/system/Database/BaseConnection.php(620): CodeIgniter\Database\BaseConnection->simpleQuery('SELECT sum(x.am...')
#3 /home/piggybankservice/api/api.tracklessbank.com/app/Models/V1/Mdl_wallet.php(75): CodeIgniter\Database\BaseConnection->query('SELECT sum(x.am...', Array)
#4 /home/piggybankservice/api/api.tracklessbank.com/app/Models/V1/Mdl_currency.php(36): App\Models\Mdl_wallet->get_balance(Array, 'AED')
#5 /home/piggybankservice/api/api.tracklessbank.com/app/Controllers/V1/Member/Currency.php(37): App\Models\Mdl_currency->get_active(Array)
#6 /home/piggybankservice/api/api.tracklessbank.com/system/CodeIgniter.php(902): App\Controllers\V1\Member\Currency->getActiveCurrency()
#7 /home/piggybankservice/api/api.tracklessbank.com/system/CodeIgniter.php(457): CodeIgniter\CodeIgniter->runController(Object(App\Controllers\V1\Member\Currency))
#8 /home/piggybankservice/api/api.tracklessbank.com/system/CodeIgniter.php(340): CodeIgniter\CodeIgniter->handleRequest(NULL, Object(Config\Cache), false)
#9 /home/piggybankservice/api/api.tracklessbank.com/public/index.php(67): CodeIgniter\CodeIgniter->run()
#10 {main}
CRITICAL - 2022-11-15 01:03:38 --> Call to a member function getRow() on bool
in APPPATH/Models/V1/Mdl_wallet.php on line 75.
 1 APPPATH/Models/V1/Mdl_currency.php(36): App\Models\Mdl_wallet->get_balance([...], 'AED')
 2 APPPATH/Controllers/V1/Member/Currency.php(37): App\Models\Mdl_currency->get_active([...])
 3 SYSTEMPATH/CodeIgniter.php(902): App\Controllers\V1\Member\Currency->getActiveCurrency()
 4 SYSTEMPATH/CodeIgniter.php(457): CodeIgniter\CodeIgniter->runController(Object(App\Controllers\V1\Member\Currency))
 5 SYSTEMPATH/CodeIgniter.php(340): CodeIgniter\CodeIgniter->handleRequest(null, Object(Config\Cache), false)
 6 FCPATH/index.php(67): CodeIgniter\CodeIgniter->run()
ERROR - 2022-11-15 01:05:30 --> mysqli_sql_exception: Operand should contain 1 column(s) in /home/piggybankservice/api/api.tracklessbank.com/system/Database/MySQLi/Connection.php:292
Stack trace:
#0 /home/piggybankservice/api/api.tracklessbank.com/system/Database/MySQLi/Connection.php(292): mysqli->query('SELECT sum(x.am...', 0)
#1 /home/piggybankservice/api/api.tracklessbank.com/system/Database/BaseConnection.php(693): CodeIgniter\Database\MySQLi\Connection->execute('SELECT sum(x.am...')
#2 /home/piggybankservice/api/api.tracklessbank.com/system/Database/BaseConnection.php(620): CodeIgniter\Database\BaseConnection->simpleQuery('SELECT sum(x.am...')
#3 /home/piggybankservice/api/api.tracklessbank.com/app/Models/V1/Mdl_wallet.php(75): CodeIgniter\Database\BaseConnection->query('SELECT sum(x.am...', Array)
#4 /home/piggybankservice/api/api.tracklessbank.com/app/Models/V1/Mdl_currency.php(36): App\Models\Mdl_wallet->get_balance(Array, 'AED')
#5 /home/piggybankservice/api/api.tracklessbank.com/app/Controllers/V1/Member/Currency.php(37): App\Models\Mdl_currency->get_active(Array)
#6 /home/piggybankservice/api/api.tracklessbank.com/system/CodeIgniter.php(902): App\Controllers\V1\Member\Currency->getActiveCurrency()
#7 /home/piggybankservice/api/api.tracklessbank.com/system/CodeIgniter.php(457): CodeIgniter\CodeIgniter->runController(Object(App\Controllers\V1\Member\Currency))
#8 /home/piggybankservice/api/api.tracklessbank.com/system/CodeIgniter.php(340): CodeIgniter\CodeIgniter->handleRequest(NULL, Object(Config\Cache), false)
#9 /home/piggybankservice/api/api.tracklessbank.com/public/index.php(67): CodeIgniter\CodeIgniter->run()
#10 {main}
CRITICAL - 2022-11-15 01:05:30 --> Call to a member function getRow() on bool
in APPPATH/Models/V1/Mdl_wallet.php on line 75.
 1 APPPATH/Models/V1/Mdl_currency.php(36): App\Models\Mdl_wallet->get_balance([...], 'AED')
 2 APPPATH/Controllers/V1/Member/Currency.php(37): App\Models\Mdl_currency->get_active([...])
 3 SYSTEMPATH/CodeIgniter.php(902): App\Controllers\V1\Member\Currency->getActiveCurrency()
 4 SYSTEMPATH/CodeIgniter.php(457): CodeIgniter\CodeIgniter->runController(Object(App\Controllers\V1\Member\Currency))
 5 SYSTEMPATH/CodeIgniter.php(340): CodeIgniter\CodeIgniter->handleRequest(null, Object(Config\Cache), false)
 6 FCPATH/index.php(67): CodeIgniter\CodeIgniter->run()
ERROR - 2022-11-15 01:16:15 --> mysqli_sql_exception: Operand should contain 1 column(s) in /home/piggybankservice/api/api.tracklessbank.com/system/Database/MySQLi/Connection.php:292
Stack trace:
#0 /home/piggybankservice/api/api.tracklessbank.com/system/Database/MySQLi/Connection.php(292): mysqli->query('SELECT sum(x.am...', 0)
#1 /home/piggybankservice/api/api.tracklessbank.com/system/Database/BaseConnection.php(693): CodeIgniter\Database\MySQLi\Connection->execute('SELECT sum(x.am...')
#2 /home/piggybankservice/api/api.tracklessbank.com/system/Database/BaseConnection.php(620): CodeIgniter\Database\BaseConnection->simpleQuery('SELECT sum(x.am...')
#3 /home/piggybankservice/api/api.tracklessbank.com/app/Models/V1/Mdl_wallet.php(75): CodeIgniter\Database\BaseConnection->query('SELECT sum(x.am...', Array)
#4 /home/piggybankservice/api/api.tracklessbank.com/app/Models/V1/Mdl_currency.php(36): App\Models\Mdl_wallet->get_balance(Array, 'AED')
#5 /home/piggybankservice/api/api.tracklessbank.com/app/Controllers/V1/Member/Currency.php(37): App\Models\Mdl_currency->get_active(Array)
#6 /home/piggybankservice/api/api.tracklessbank.com/system/CodeIgniter.php(902): App\Controllers\V1\Member\Currency->getActiveCurrency()
#7 /home/piggybankservice/api/api.tracklessbank.com/system/CodeIgniter.php(457): CodeIgniter\CodeIgniter->runController(Object(App\Controllers\V1\Member\Currency))
#8 /home/piggybankservice/api/api.tracklessbank.com/system/CodeIgniter.php(340): CodeIgniter\CodeIgniter->handleRequest(NULL, Object(Config\Cache), false)
#9 /home/piggybankservice/api/api.tracklessbank.com/public/index.php(67): CodeIgniter\CodeIgniter->run()
#10 {main}
CRITICAL - 2022-11-15 01:16:15 --> Call to a member function getRow() on bool
in APPPATH/Models/V1/Mdl_wallet.php on line 75.
 1 APPPATH/Models/V1/Mdl_currency.php(36): App\Models\Mdl_wallet->get_balance([...], 'AED')
 2 APPPATH/Controllers/V1/Member/Currency.php(37): App\Models\Mdl_currency->get_active([...])
 3 SYSTEMPATH/CodeIgniter.php(902): App\Controllers\V1\Member\Currency->getActiveCurrency()
 4 SYSTEMPATH/CodeIgniter.php(457): CodeIgniter\CodeIgniter->runController(Object(App\Controllers\V1\Member\Currency))
 5 SYSTEMPATH/CodeIgniter.php(340): CodeIgniter\CodeIgniter->handleRequest(null, Object(Config\Cache), false)
 6 FCPATH/index.php(67): CodeIgniter\CodeIgniter->run()
ERROR - 2022-11-15 15:04:55 --> mysqli_sql_exception: You have an error in your SQL syntax; check the manual that corresponds to your MySQL server version for the right syntax to use near '?) AS date_created FROM tbl_member_topup a INNER JOIN tbl_member b ON a.id_membe' at line 1 in /home/piggybankservice/api/api.tracklessbank.com/system/Database/MySQLi/Connection.php:292
Stack trace:
#0 /home/piggybankservice/api/api.tracklessbank.com/system/Database/MySQLi/Connection.php(292): mysqli->query('SELECT amount, ...', 0)
#1 /home/piggybankservice/api/api.tracklessbank.com/system/Database/BaseConnection.php(693): CodeIgniter\Database\MySQLi\Connection->execute('SELECT amount, ...')
#2 /home/piggybankservice/api/api.tracklessbank.com/system/Database/BaseConnection.php(620): CodeIgniter\Database\BaseConnection->simpleQuery('SELECT amount, ...')
#3 /home/piggybankservice/api/api.tracklessbank.com/app/Models/V1/Admin/Mdl_wallet.php(112): CodeIgniter\Database\BaseConnection->query('SELECT amount, ...', Array)
#4 /home/piggybankservice/api/api.tracklessbank.com/app/Controllers/V1/Admin/Wallet.php(100): App\Models\Mdl_wallet->get_historybycurrency('USD', '2022-11-01', '2022-11-30', 'Asia/Singapore')
#5 /home/piggybankservice/api/api.tracklessbank.com/system/CodeIgniter.php(902): App\Controllers\V1\Admin\Wallet->gethistory_bycurrency()
#6 /home/piggybankservice/api/api.tracklessbank.com/system/CodeIgniter.php(457): CodeIgniter\CodeIgniter->runController(Object(App\Controllers\V1\Admin\Wallet))
#7 /home/piggybankservice/api/api.tracklessbank.com/system/CodeIgniter.php(340): CodeIgniter\CodeIgniter->handleRequest(NULL, Object(Config\Cache), false)
#8 /home/piggybankservice/api/api.tracklessbank.com/public/index.php(67): CodeIgniter\CodeIgniter->run()
#9 {main}
ERROR - 2022-11-15 15:06:02 --> mysqli_sql_exception: You have an error in your SQL syntax; check the manual that corresponds to your MySQL server version for the right syntax to use near '?) AS date_created FROM tbl_member_topup a INNER JOIN tbl_member b ON a.id_membe' at line 1 in /home/piggybankservice/api/api.tracklessbank.com/system/Database/MySQLi/Connection.php:292
Stack trace:
#0 /home/piggybankservice/api/api.tracklessbank.com/system/Database/MySQLi/Connection.php(292): mysqli->query('SELECT amount, ...', 0)
#1 /home/piggybankservice/api/api.tracklessbank.com/system/Database/BaseConnection.php(693): CodeIgniter\Database\MySQLi\Connection->execute('SELECT amount, ...')
#2 /home/piggybankservice/api/api.tracklessbank.com/system/Database/BaseConnection.php(620): CodeIgniter\Database\BaseConnection->simpleQuery('SELECT amount, ...')
#3 /home/piggybankservice/api/api.tracklessbank.com/app/Models/V1/Admin/Mdl_wallet.php(112): CodeIgniter\Database\BaseConnection->query('SELECT amount, ...', Array)
#4 /home/piggybankservice/api/api.tracklessbank.com/app/Controllers/V1/Admin/Wallet.php(100): App\Models\Mdl_wallet->get_historybycurrency('USD', '2022-11-01', '2022-11-30', 'Asia/Singapore')
#5 /home/piggybankservice/api/api.tracklessbank.com/system/CodeIgniter.php(902): App\Controllers\V1\Admin\Wallet->gethistory_bycurrency()
#6 /home/piggybankservice/api/api.tracklessbank.com/system/CodeIgniter.php(457): CodeIgniter\CodeIgniter->runController(Object(App\Controllers\V1\Admin\Wallet))
#7 /home/piggybankservice/api/api.tracklessbank.com/system/CodeIgniter.php(340): CodeIgniter\CodeIgniter->handleRequest(NULL, Object(Config\Cache), false)
#8 /home/piggybankservice/api/api.tracklessbank.com/public/index.php(67): CodeIgniter\CodeIgniter->run()
#9 {main}
ERROR - 2022-11-15 15:06:31 --> mysqli_sql_exception: You have an error in your SQL syntax; check the manual that corresponds to your MySQL server version for the right syntax to use near 'convert_tz(date_created, 'Asia/Singapore', 'Asia/Singapore') AS date_created FRO' at line 7 in /home/piggybankservice/api/api.tracklessbank.com/system/Database/MySQLi/Connection.php:292
Stack trace:
#0 /home/piggybankservice/api/api.tracklessbank.com/system/Database/MySQLi/Connection.php(292): mysqli->query('SELECT amount, ...', 0)
#1 /home/piggybankservice/api/api.tracklessbank.com/system/Database/BaseConnection.php(693): CodeIgniter\Database\MySQLi\Connection->execute('SELECT amount, ...')
#2 /home/piggybankservice/api/api.tracklessbank.com/system/Database/BaseConnection.php(620): CodeIgniter\Database\BaseConnection->simpleQuery('SELECT amount, ...')
#3 /home/piggybankservice/api/api.tracklessbank.com/app/Models/V1/Admin/Mdl_wallet.php(112): CodeIgniter\Database\BaseConnection->query('SELECT amount, ...', Array)
#4 /home/piggybankservice/api/api.tracklessbank.com/app/Controllers/V1/Admin/Wallet.php(100): App\Models\Mdl_wallet->get_historybycurrency('USD', '2022-11-01', '2022-11-30', 'Asia/Singapore')
#5 /home/piggybankservice/api/api.tracklessbank.com/system/CodeIgniter.php(902): App\Controllers\V1\Admin\Wallet->gethistory_bycurrency()
#6 /home/piggybankservice/api/api.tracklessbank.com/system/CodeIgniter.php(457): CodeIgniter\CodeIgniter->runController(Object(App\Controllers\V1\Admin\Wallet))
#7 /home/piggybankservice/api/api.tracklessbank.com/system/CodeIgniter.php(340): CodeIgniter\CodeIgniter->handleRequest(NULL, Object(Config\Cache), false)
#8 /home/piggybankservice/api/api.tracklessbank.com/public/index.php(67): CodeIgniter\CodeIgniter->run()
#9 {main}
ERROR - 2022-11-15 15:08:10 --> mysqli_sql_exception: Column 'date_created' in field list is ambiguous in /home/piggybankservice/api/api.tracklessbank.com/system/Database/MySQLi/Connection.php:292
Stack trace:
#0 /home/piggybankservice/api/api.tracklessbank.com/system/Database/MySQLi/Connection.php(292): mysqli->query('SELECT amount, ...', 0)
#1 /home/piggybankservice/api/api.tracklessbank.com/system/Database/BaseConnection.php(693): CodeIgniter\Database\MySQLi\Connection->execute('SELECT amount, ...')
#2 /home/piggybankservice/api/api.tracklessbank.com/system/Database/BaseConnection.php(620): CodeIgniter\Database\BaseConnection->simpleQuery('SELECT amount, ...')
#3 /home/piggybankservice/api/api.tracklessbank.com/app/Models/V1/Admin/Mdl_wallet.php(112): CodeIgniter\Database\BaseConnection->query('SELECT amount, ...', Array)
#4 /home/piggybankservice/api/api.tracklessbank.com/app/Controllers/V1/Admin/Wallet.php(100): App\Models\Mdl_wallet->get_historybycurrency('USD', '2022-11-01', '2022-11-30', 'Asia/Singapore')
#5 /home/piggybankservice/api/api.tracklessbank.com/system/CodeIgniter.php(902): App\Controllers\V1\Admin\Wallet->gethistory_bycurrency()
#6 /home/piggybankservice/api/api.tracklessbank.com/system/CodeIgniter.php(457): CodeIgniter\CodeIgniter->runController(Object(App\Controllers\V1\Admin\Wallet))
#7 /home/piggybankservice/api/api.tracklessbank.com/system/CodeIgniter.php(340): CodeIgniter\CodeIgniter->handleRequest(NULL, Object(Config\Cache), false)
#8 /home/piggybankservice/api/api.tracklessbank.com/public/index.php(67): CodeIgniter\CodeIgniter->run()
#9 {main}
ERROR - 2022-11-15 20:10:31 --> mysqli_sql_exception: Duplicate entry 'robnolfo62@gmail.com' for key 'tbl_member.email' in /home/piggybankservice/api/api.tracklessbank.com/system/Database/MySQLi/Connection.php:292
Stack trace:
#0 /home/piggybankservice/api/api.tracklessbank.com/system/Database/MySQLi/Connection.php(292): mysqli->query('INSERT INTO `tb...', 0)
#1 /home/piggybankservice/api/api.tracklessbank.com/system/Database/BaseConnection.php(693): CodeIgniter\Database\MySQLi\Connection->execute('INSERT INTO `tb...')
#2 /home/piggybankservice/api/api.tracklessbank.com/system/Database/BaseConnection.php(620): CodeIgniter\Database\BaseConnection->simpleQuery('INSERT INTO `tb...')
#3 /home/piggybankservice/api/api.tracklessbank.com/system/Database/BaseBuilder.php(1916): CodeIgniter\Database\BaseConnection->query('INSERT INTO `tb...', Array, false)
#4 /home/piggybankservice/api/api.tracklessbank.com/app/Models/V1/Mdl_member.php(186): CodeIgniter\Database\BaseBuilder->insert(Array)
#5 /home/piggybankservice/api/api.tracklessbank.com/app/Controllers/V1/Auth.php(81): App\Models\Mdl_member->add(Array)
#6 /home/piggybankservice/api/api.tracklessbank.com/system/CodeIgniter.php(902): App\Controllers\V1\Auth->register()
#7 /home/piggybankservice/api/api.tracklessbank.com/system/CodeIgniter.php(457): CodeIgniter\CodeIgniter->runController(Object(App\Controllers\V1\Auth))
#8 /home/piggybankservice/api/api.tracklessbank.com/system/CodeIgniter.php(340): CodeIgniter\CodeIgniter->handleRequest(NULL, Object(Config\Cache), false)
#9 /home/piggybankservice/api/api.tracklessbank.com/public/index.php(67): CodeIgniter\CodeIgniter->run()
#10 {main}
CRITICAL - 2022-11-15 21:14:47 --> Call to a member function getResult() on array
in APPPATH/Models/V1/Admin/Mdl_wallet.php on line 116.
 1 APPPATH/Controllers/V1/Admin/Wallet.php(100): App\Models\Mdl_wallet->get_historybycurrency('USD', '2022-11-16', '2022-11-16', 'Asia/Makasar')
 2 SYSTEMPATH/CodeIgniter.php(902): App\Controllers\V1\Admin\Wallet->gethistory_bycurrency()
 3 SYSTEMPATH/CodeIgniter.php(457): CodeIgniter\CodeIgniter->runController(Object(App\Controllers\V1\Admin\Wallet))
 4 SYSTEMPATH/CodeIgniter.php(340): CodeIgniter\CodeIgniter->handleRequest(null, Object(Config\Cache), false)
 5 FCPATH/index.php(67): CodeIgniter\CodeIgniter->run()
ERROR - 2022-11-15 21:42:13 --> mysqli_sql_exception: You have an error in your SQL syntax; check the manual that corresponds to your MySQL server version for the right syntax to use near '=='USD' AND DATE(convert_tz(a.date_created, 'Asia/Singapore', 'Asia/Makasar')) B' at line 7 in /home/piggybankservice/api/api.tracklessbank.com/system/Database/MySQLi/Connection.php:292
Stack trace:
#0 /home/piggybankservice/api/api.tracklessbank.com/system/Database/MySQLi/Connection.php(292): mysqli->query('SELECT amount, ...', 0)
#1 /home/piggybankservice/api/api.tracklessbank.com/system/Database/BaseConnection.php(693): CodeIgniter\Database\MySQLi\Connection->execute('SELECT amount, ...')
#2 /home/piggybankservice/api/api.tracklessbank.com/system/Database/BaseConnection.php(620): CodeIgniter\Database\BaseConnection->simpleQuery('SELECT amount, ...')
#3 /home/piggybankservice/api/api.tracklessbank.com/app/Models/V1/Admin/Mdl_wallet.php(113): CodeIgniter\Database\BaseConnection->query('SELECT amount, ...', Array)
#4 /home/piggybankservice/api/api.tracklessbank.com/app/Controllers/V1/Admin/Wallet.php(100): App\Models\Mdl_wallet->get_historybycurrency('USD', '2022-11-16', '2022-11-16', 'Asia/Makasar')
#5 /home/piggybankservice/api/api.tracklessbank.com/system/CodeIgniter.php(902): App\Controllers\V1\Admin\Wallet->gethistory_bycurrency()
#6 /home/piggybankservice/api/api.tracklessbank.com/system/CodeIgniter.php(457): CodeIgniter\CodeIgniter->runController(Object(App\Controllers\V1\Admin\Wallet))
#7 /home/piggybankservice/api/api.tracklessbank.com/system/CodeIgniter.php(340): CodeIgniter\CodeIgniter->handleRequest(NULL, Object(Config\Cache), false)
#8 /home/piggybankservice/api/api.tracklessbank.com/public/index.php(67): CodeIgniter\CodeIgniter->run()
#9 {main}
CRITICAL - 2022-11-15 21:42:13 --> Trying to get property 'db' of non-object
in APPPATH/Models/V1/Admin/Mdl_wallet.php on line 119.
 1 APPPATH/Models/V1/Admin/Mdl_wallet.php(119): CodeIgniter\Debug\Exceptions->errorHandler(8, 'Trying to get property \'db\' of non-object', 'APPPATH/Models/V1/Admin/Mdl_wallet.php', 119, [...])
 2 APPPATH/Controllers/V1/Admin/Wallet.php(100): App\Models\Mdl_wallet->get_historybycurrency('USD', '2022-11-16', '2022-11-16', 'Asia/Makasar')
 3 SYSTEMPATH/CodeIgniter.php(902): App\Controllers\V1\Admin\Wallet->gethistory_bycurrency()
 4 SYSTEMPATH/CodeIgniter.php(457): CodeIgniter\CodeIgniter->runController(Object(App\Controllers\V1\Admin\Wallet))
 5 SYSTEMPATH/CodeIgniter.php(340): CodeIgniter\CodeIgniter->handleRequest(null, Object(Config\Cache), false)
 6 FCPATH/index.php(67): CodeIgniter\CodeIgniter->run()
ERROR - 2022-11-15 21:42:47 --> mysqli_sql_exception: You have an error in your SQL syntax; check the manual that corresponds to your MySQL server version for the right syntax to use near '=='USD' AND DATE(convert_tz(a.date_created, 'Asia/Singapore', 'Asia/Makasar')) B' at line 7 in /home/piggybankservice/api/api.tracklessbank.com/system/Database/MySQLi/Connection.php:292
Stack trace:
#0 /home/piggybankservice/api/api.tracklessbank.com/system/Database/MySQLi/Connection.php(292): mysqli->query('SELECT amount, ...', 0)
#1 /home/piggybankservice/api/api.tracklessbank.com/system/Database/BaseConnection.php(693): CodeIgniter\Database\MySQLi\Connection->execute('SELECT amount, ...')
#2 /home/piggybankservice/api/api.tracklessbank.com/system/Database/BaseConnection.php(620): CodeIgniter\Database\BaseConnection->simpleQuery('SELECT amount, ...')
#3 /home/piggybankservice/api/api.tracklessbank.com/app/Models/V1/Admin/Mdl_wallet.php(113): CodeIgniter\Database\BaseConnection->query('SELECT amount, ...', Array)
#4 /home/piggybankservice/api/api.tracklessbank.com/app/Controllers/V1/Admin/Wallet.php(100): App\Models\Mdl_wallet->get_historybycurrency('USD', '2022-11-16', '2022-11-16', 'Asia/Makasar')
#5 /home/piggybankservice/api/api.tracklessbank.com/system/CodeIgniter.php(902): App\Controllers\V1\Admin\Wallet->gethistory_bycurrency()
#6 /home/piggybankservice/api/api.tracklessbank.com/system/CodeIgniter.php(457): CodeIgniter\CodeIgniter->runController(Object(App\Controllers\V1\Admin\Wallet))
#7 /home/piggybankservice/api/api.tracklessbank.com/system/CodeIgniter.php(340): CodeIgniter\CodeIgniter->handleRequest(NULL, Object(Config\Cache), false)
#8 /home/piggybankservice/api/api.tracklessbank.com/public/index.php(67): CodeIgniter\CodeIgniter->run()
#9 {main}
ERROR - 2022-11-15 21:55:21 --> mysqli_sql_exception: Unknown column 'wallet' in 'field list' in /home/piggybankservice/api/api.tracklessbank.com/system/Database/MySQLi/Connection.php:292
Stack trace:
#0 /home/piggybankservice/api/api.tracklessbank.com/system/Database/MySQLi/Connection.php(292): mysqli->query('SELECT `bank_id...', 0)
#1 /home/piggybankservice/api/api.tracklessbank.com/system/Database/BaseConnection.php(693): CodeIgniter\Database\MySQLi\Connection->execute('SELECT `bank_id...')
#2 /home/piggybankservice/api/api.tracklessbank.com/system/Database/BaseConnection.php(620): CodeIgniter\Database\BaseConnection->simpleQuery('SELECT `bank_id...')
#3 /home/piggybankservice/api/api.tracklessbank.com/app/Models/V1/Admin/Mdl_fee.php(31): CodeIgniter\Database\BaseConnection->query('SELECT `bank_id...', Array)
#4 /home/piggybankservice/api/api.tracklessbank.com/app/Controllers/V1/Admin/Fee.php(20): App\Models\Mdl_fee->get_single('1', 'AED')
#5 /home/piggybankservice/api/api.tracklessbank.com/system/CodeIgniter.php(902): App\Controllers\V1\Admin\Fee->getFee()
#6 /home/piggybankservice/api/api.tracklessbank.com/system/CodeIgniter.php(457): CodeIgniter\CodeIgniter->runController(Object(App\Controllers\V1\Admin\Fee))
#7 /home/piggybankservice/api/api.tracklessbank.com/system/CodeIgniter.php(340): CodeIgniter\CodeIgniter->handleRequest(NULL, Object(Config\Cache), false)
#8 /home/piggybankservice/api/api.tracklessbank.com/public/index.php(67): CodeIgniter\CodeIgniter->run()
#9 {main}
CRITICAL - 2022-11-15 21:55:21 --> Call to a member function getRow() on bool
in APPPATH/Models/V1/Admin/Mdl_fee.php on line 31.
 1 APPPATH/Controllers/V1/Admin/Fee.php(20): App\Models\Mdl_fee->get_single('1', 'AED')
 2 SYSTEMPATH/CodeIgniter.php(902): App\Controllers\V1\Admin\Fee->getFee()
 3 SYSTEMPATH/CodeIgniter.php(457): CodeIgniter\CodeIgniter->runController(Object(App\Controllers\V1\Admin\Fee))
 4 SYSTEMPATH/CodeIgniter.php(340): CodeIgniter\CodeIgniter->handleRequest(null, Object(Config\Cache), false)
 5 FCPATH/index.php(67): CodeIgniter\CodeIgniter->run()
ERROR - 2022-11-15 22:13:16 --> mysqli_sql_exception: You have an error in your SQL syntax; check the manual that corresponds to your MySQL server version for the right syntax to use near '`referral_receive WHERE bank_id='1' AND currency='AED'' at line 1 in /home/piggybankservice/api/api.tracklessbank.com/system/Database/MySQLi/Connection.php:292
Stack trace:
#0 /home/piggybankservice/api/api.tracklessbank.com/system/Database/MySQLi/Connection.php(292): mysqli->query('SELECT `bank_id...', 0)
#1 /home/piggybankservice/api/api.tracklessbank.com/system/Database/BaseConnection.php(693): CodeIgniter\Database\MySQLi\Connection->execute('SELECT `bank_id...')
#2 /home/piggybankservice/api/api.tracklessbank.com/system/Database/BaseConnection.php(620): CodeIgniter\Database\BaseConnection->simpleQuery('SELECT `bank_id...')
#3 /home/piggybankservice/api/api.tracklessbank.com/app/Models/V1/Admin/Mdl_fee.php(31): CodeIgniter\Database\BaseConnection->query('SELECT `bank_id...', Array)
#4 /home/piggybankservice/api/api.tracklessbank.com/app/Controllers/V1/Admin/Fee.php(20): App\Models\Mdl_fee->get_single('1', 'AED')
#5 /home/piggybankservice/api/api.tracklessbank.com/system/CodeIgniter.php(902): App\Controllers\V1\Admin\Fee->getFee()
#6 /home/piggybankservice/api/api.tracklessbank.com/system/CodeIgniter.php(457): CodeIgniter\CodeIgniter->runController(Object(App\Controllers\V1\Admin\Fee))
#7 /home/piggybankservice/api/api.tracklessbank.com/system/CodeIgniter.php(340): CodeIgniter\CodeIgniter->handleRequest(NULL, Object(Config\Cache), false)
#8 /home/piggybankservice/api/api.tracklessbank.com/public/index.php(67): CodeIgniter\CodeIgniter->run()
#9 {main}
CRITICAL - 2022-11-15 22:13:16 --> Call to a member function getRow() on bool
in APPPATH/Models/V1/Admin/Mdl_fee.php on line 31.
 1 APPPATH/Controllers/V1/Admin/Fee.php(20): App\Models\Mdl_fee->get_single('1', 'AED')
 2 SYSTEMPATH/CodeIgniter.php(902): App\Controllers\V1\Admin\Fee->getFee()
 3 SYSTEMPATH/CodeIgniter.php(457): CodeIgniter\CodeIgniter->runController(Object(App\Controllers\V1\Admin\Fee))
 4 SYSTEMPATH/CodeIgniter.php(340): CodeIgniter\CodeIgniter->handleRequest(null, Object(Config\Cache), false)
 5 FCPATH/index.php(67): CodeIgniter\CodeIgniter->run()
ERROR - 2022-11-15 22:13:16 --> mysqli_sql_exception: You have an error in your SQL syntax; check the manual that corresponds to your MySQL server version for the right syntax to use near '`referral_receive WHERE bank_id='1' AND currency='assets'' at line 1 in /home/piggybankservice/api/api.tracklessbank.com/system/Database/MySQLi/Connection.php:292
Stack trace:
#0 /home/piggybankservice/api/api.tracklessbank.com/system/Database/MySQLi/Connection.php(292): mysqli->query('SELECT `bank_id...', 0)
#1 /home/piggybankservice/api/api.tracklessbank.com/system/Database/BaseConnection.php(693): CodeIgniter\Database\MySQLi\Connection->execute('SELECT `bank_id...')
#2 /home/piggybankservice/api/api.tracklessbank.com/system/Database/BaseConnection.php(620): CodeIgniter\Database\BaseConnection->simpleQuery('SELECT `bank_id...')
#3 /home/piggybankservice/api/api.tracklessbank.com/app/Models/V1/Admin/Mdl_fee.php(31): CodeIgniter\Database\BaseConnection->query('SELECT `bank_id...', Array)
#4 /home/piggybankservice/api/api.tracklessbank.com/app/Controllers/V1/Admin/Fee.php(20): App\Models\Mdl_fee->get_single('1', 'assets')
#5 /home/piggybankservice/api/api.tracklessbank.com/system/CodeIgniter.php(902): App\Controllers\V1\Admin\Fee->getFee()
#6 /home/piggybankservice/api/api.tracklessbank.com/system/CodeIgniter.php(457): CodeIgniter\CodeIgniter->runController(Object(App\Controllers\V1\Admin\Fee))
#7 /home/piggybankservice/api/api.tracklessbank.com/system/CodeIgniter.php(340): CodeIgniter\CodeIgniter->handleRequest(NULL, Object(Config\Cache), false)
#8 /home/piggybankservice/api/api.tracklessbank.com/public/index.php(67): CodeIgniter\CodeIgniter->run()
#9 {main}
CRITICAL - 2022-11-15 22:13:16 --> Call to a member function getRow() on bool
in APPPATH/Models/V1/Admin/Mdl_fee.php on line 31.
 1 APPPATH/Controllers/V1/Admin/Fee.php(20): App\Models\Mdl_fee->get_single('1', 'assets')
 2 SYSTEMPATH/CodeIgniter.php(902): App\Controllers\V1\Admin\Fee->getFee()
 3 SYSTEMPATH/CodeIgniter.php(457): CodeIgniter\CodeIgniter->runController(Object(App\Controllers\V1\Admin\Fee))
 4 SYSTEMPATH/CodeIgniter.php(340): CodeIgniter\CodeIgniter->handleRequest(null, Object(Config\Cache), false)
 5 FCPATH/index.php(67): CodeIgniter\CodeIgniter->run()
ERROR - 2022-11-15 22:16:31 --> mysqli_sql_exception: You have an error in your SQL syntax; check the manual that corresponds to your MySQL server version for the right syntax to use near '`referral_receive WHERE bank_id='1' AND currency='AED'' at line 1 in /home/piggybankservice/api/api.tracklessbank.com/system/Database/MySQLi/Connection.php:292
Stack trace:
#0 /home/piggybankservice/api/api.tracklessbank.com/system/Database/MySQLi/Connection.php(292): mysqli->query('SELECT `bank_id...', 0)
#1 /home/piggybankservice/api/api.tracklessbank.com/system/Database/BaseConnection.php(693): CodeIgniter\Database\MySQLi\Connection->execute('SELECT `bank_id...')
#2 /home/piggybankservice/api/api.tracklessbank.com/system/Database/BaseConnection.php(620): CodeIgniter\Database\BaseConnection->simpleQuery('SELECT `bank_id...')
#3 /home/piggybankservice/api/api.tracklessbank.com/app/Models/V1/Admin/Mdl_fee.php(31): CodeIgniter\Database\BaseConnection->query('SELECT `bank_id...', Array)
#4 /home/piggybankservice/api/api.tracklessbank.com/app/Controllers/V1/Admin/Fee.php(20): App\Models\Mdl_fee->get_single('1', 'AED')
#5 /home/piggybankservice/api/api.tracklessbank.com/system/CodeIgniter.php(902): App\Controllers\V1\Admin\Fee->getFee()
#6 /home/piggybankservice/api/api.tracklessbank.com/system/CodeIgniter.php(457): CodeIgniter\CodeIgniter->runController(Object(App\Controllers\V1\Admin\Fee))
#7 /home/piggybankservice/api/api.tracklessbank.com/system/CodeIgniter.php(340): CodeIgniter\CodeIgniter->handleRequest(NULL, Object(Config\Cache), false)
#8 /home/piggybankservice/api/api.tracklessbank.com/public/index.php(67): CodeIgniter\CodeIgniter->run()
#9 {main}
CRITICAL - 2022-11-15 22:16:31 --> Call to a member function getRow() on bool
in APPPATH/Models/V1/Admin/Mdl_fee.php on line 31.
 1 APPPATH/Controllers/V1/Admin/Fee.php(20): App\Models\Mdl_fee->get_single('1', 'AED')
 2 SYSTEMPATH/CodeIgniter.php(902): App\Controllers\V1\Admin\Fee->getFee()
 3 SYSTEMPATH/CodeIgniter.php(457): CodeIgniter\CodeIgniter->runController(Object(App\Controllers\V1\Admin\Fee))
 4 SYSTEMPATH/CodeIgniter.php(340): CodeIgniter\CodeIgniter->handleRequest(null, Object(Config\Cache), false)
 5 FCPATH/index.php(67): CodeIgniter\CodeIgniter->run()
ERROR - 2022-11-15 22:16:39 --> mysqli_sql_exception: Unknown column 'a.wallet' in 'field list' in /home/piggybankservice/api/api.tracklessbank.com/system/Database/MySQLi/Connection.php:292
Stack trace:
#0 /home/piggybankservice/api/api.tracklessbank.com/system/Database/MySQLi/Connection.php(292): mysqli->query('SELECT a.id, a....', 0)
#1 /home/piggybankservice/api/api.tracklessbank.com/system/Database/BaseConnection.php(693): CodeIgniter\Database\MySQLi\Connection->execute('SELECT a.id, a....')
#2 /home/piggybankservice/api/api.tracklessbank.com/system/Database/BaseConnection.php(620): CodeIgniter\Database\BaseConnection->simpleQuery('SELECT a.id, a....')
#3 /home/piggybankservice/api/api.tracklessbank.com/app/Models/V1/Admin/Mdl_cost.php(20): CodeIgniter\Database\BaseConnection->query('SELECT a.id, a....', Array)
#4 /home/piggybankservice/api/api.tracklessbank.com/app/Controllers/V1/Admin/Cost.php(20): App\Models\Mdl_cost->get_single('1', 'AED')
#5 /home/piggybankservice/api/api.tracklessbank.com/system/CodeIgniter.php(902): App\Controllers\V1\Admin\Cost->getCost()
#6 /home/piggybankservice/api/api.tracklessbank.com/system/CodeIgniter.php(457): CodeIgniter\CodeIgniter->runController(Object(App\Controllers\V1\Admin\Cost))
#7 /home/piggybankservice/api/api.tracklessbank.com/system/CodeIgniter.php(340): CodeIgniter\CodeIgniter->handleRequest(NULL, Object(Config\Cache), false)
#8 /home/piggybankservice/api/api.tracklessbank.com/public/index.php(67): CodeIgniter\CodeIgniter->run()
#9 {main}
CRITICAL - 2022-11-15 22:16:39 --> Call to a member function getRow() on bool
in APPPATH/Models/V1/Admin/Mdl_cost.php on line 20.
 1 APPPATH/Controllers/V1/Admin/Cost.php(20): App\Models\Mdl_cost->get_single('1', 'AED')
 2 SYSTEMPATH/CodeIgniter.php(902): App\Controllers\V1\Admin\Cost->getCost()
 3 SYSTEMPATH/CodeIgniter.php(457): CodeIgniter\CodeIgniter->runController(Object(App\Controllers\V1\Admin\Cost))
 4 SYSTEMPATH/CodeIgniter.php(340): CodeIgniter\CodeIgniter->handleRequest(null, Object(Config\Cache), false)
 5 FCPATH/index.php(67): CodeIgniter\CodeIgniter->run()
ERROR - 2022-11-15 22:16:41 --> mysqli_sql_exception: You have an error in your SQL syntax; check the manual that corresponds to your MySQL server version for the right syntax to use near '`referral_receive WHERE bank_id='1' AND currency='AED'' at line 1 in /home/piggybankservice/api/api.tracklessbank.com/system/Database/MySQLi/Connection.php:292
Stack trace:
#0 /home/piggybankservice/api/api.tracklessbank.com/system/Database/MySQLi/Connection.php(292): mysqli->query('SELECT `bank_id...', 0)
#1 /home/piggybankservice/api/api.tracklessbank.com/system/Database/BaseConnection.php(693): CodeIgniter\Database\MySQLi\Connection->execute('SELECT `bank_id...')
#2 /home/piggybankservice/api/api.tracklessbank.com/system/Database/BaseConnection.php(620): CodeIgniter\Database\BaseConnection->simpleQuery('SELECT `bank_id...')
#3 /home/piggybankservice/api/api.tracklessbank.com/app/Models/V1/Admin/Mdl_fee.php(31): CodeIgniter\Database\BaseConnection->query('SELECT `bank_id...', Array)
#4 /home/piggybankservice/api/api.tracklessbank.com/app/Controllers/V1/Admin/Fee.php(20): App\Models\Mdl_fee->get_single('1', 'AED')
#5 /home/piggybankservice/api/api.tracklessbank.com/system/CodeIgniter.php(902): App\Controllers\V1\Admin\Fee->getFee()
#6 /home/piggybankservice/api/api.tracklessbank.com/system/CodeIgniter.php(457): CodeIgniter\CodeIgniter->runController(Object(App\Controllers\V1\Admin\Fee))
#7 /home/piggybankservice/api/api.tracklessbank.com/system/CodeIgniter.php(340): CodeIgniter\CodeIgniter->handleRequest(NULL, Object(Config\Cache), false)
#8 /home/piggybankservice/api/api.tracklessbank.com/public/index.php(67): CodeIgniter\CodeIgniter->run()
#9 {main}
CRITICAL - 2022-11-15 22:16:41 --> Call to a member function getRow() on bool
in APPPATH/Models/V1/Admin/Mdl_fee.php on line 31.
 1 APPPATH/Controllers/V1/Admin/Fee.php(20): App\Models\Mdl_fee->get_single('1', 'AED')
 2 SYSTEMPATH/CodeIgniter.php(902): App\Controllers\V1\Admin\Fee->getFee()
 3 SYSTEMPATH/CodeIgniter.php(457): CodeIgniter\CodeIgniter->runController(Object(App\Controllers\V1\Admin\Fee))
 4 SYSTEMPATH/CodeIgniter.php(340): CodeIgniter\CodeIgniter->handleRequest(null, Object(Config\Cache), false)
 5 FCPATH/index.php(67): CodeIgniter\CodeIgniter->run()
