CRITICAL - 2022-11-04 02:07:10 --> Undefined property: stdClass::$email
in APPPATH/Controllers/V1/Auth.php on line 280.
 1 APPPATH/Controllers/V1/Auth.php(280): CodeIgniter\Debug\Exceptions->errorHandler(8, 'Undefined property: stdClass::$email', 'APPPATH/Controllers/V1/Auth.php', 280, [...])
 2 SYSTEMPATH/CodeIgniter.php(902): App\Controllers\V1\Auth->updatepassword()
 3 SYSTEMPATH/CodeIgniter.php(457): CodeIgniter\CodeIgniter->runController(Object(App\Controllers\V1\Auth))
 4 SYSTEMPATH/CodeIgniter.php(340): CodeIgniter\CodeIgniter->handleRequest(null, Object(Config\Cache), false)
 5 FCPATH/index.php(67): CodeIgniter\CodeIgniter->run()
CRITICAL - 2022-11-04 02:10:52 --> Undefined property: stdClass::$code
in APPPATH/Controllers/V1/Auth.php on line 280.
 1 APPPATH/Controllers/V1/Auth.php(280): CodeIgniter\Debug\Exceptions->errorHandler(8, 'Undefined property: stdClass::$code', 'APPPATH/Controllers/V1/Auth.php', 280, [...])
 2 SYSTEMPATH/CodeIgniter.php(902): App\Controllers\V1\Auth->updatepassword()
 3 SYSTEMPATH/CodeIgniter.php(457): CodeIgniter\CodeIgniter->runController(Object(App\Controllers\V1\Auth))
 4 SYSTEMPATH/CodeIgniter.php(340): CodeIgniter\CodeIgniter->handleRequest(null, Object(Config\Cache), false)
 5 FCPATH/index.php(67): CodeIgniter\CodeIgniter->run()
CRITICAL - 2022-11-04 02:11:18 --> Undefined property: stdClass::$email
in APPPATH/Controllers/V1/Auth.php on line 285.
 1 APPPATH/Controllers/V1/Auth.php(285): CodeIgniter\Debug\Exceptions->errorHandler(8, 'Undefined property: stdClass::$email', 'APPPATH/Controllers/V1/Auth.php', 285, [...])
 2 SYSTEMPATH/CodeIgniter.php(902): App\Controllers\V1\Auth->updatepassword()
 3 SYSTEMPATH/CodeIgniter.php(457): CodeIgniter\CodeIgniter->runController(Object(App\Controllers\V1\Auth))
 4 SYSTEMPATH/CodeIgniter.php(340): CodeIgniter\CodeIgniter->handleRequest(null, Object(Config\Cache), false)
 5 FCPATH/index.php(67): CodeIgniter\CodeIgniter->run()
CRITICAL - 2022-11-04 02:11:46 --> Undefined variable: token
in APPPATH/Controllers/V1/Auth.php on line 286.
 1 APPPATH/Controllers/V1/Auth.php(286): CodeIgniter\Debug\Exceptions->errorHandler(8, 'Undefined variable: token', 'APPPATH/Controllers/V1/Auth.php', 286, [...])
 2 SYSTEMPATH/CodeIgniter.php(902): App\Controllers\V1\Auth->updatepassword()
 3 SYSTEMPATH/CodeIgniter.php(457): CodeIgniter\CodeIgniter->runController(Object(App\Controllers\V1\Auth))
 4 SYSTEMPATH/CodeIgniter.php(340): CodeIgniter\CodeIgniter->handleRequest(null, Object(Config\Cache), false)
 5 FCPATH/index.php(67): CodeIgniter\CodeIgniter->run()
CRITICAL - 2022-11-04 05:25:41 --> Undefined variable: status
in APPPATH/Controllers/V1/Bank.php on line 139.
 1 APPPATH/Controllers/V1/Bank.php(139): CodeIgniter\Debug\Exceptions->errorHandler(8, 'Undefined variable: status', 'APPPATH/Controllers/V1/Bank.php', 139, [...])
 2 SYSTEMPATH/CodeIgniter.php(902): App\Controllers\V1\Bank->getBank()
 3 SYSTEMPATH/CodeIgniter.php(457): CodeIgniter\CodeIgniter->runController(Object(App\Controllers\V1\Bank))
 4 SYSTEMPATH/CodeIgniter.php(340): CodeIgniter\CodeIgniter->handleRequest(null, Object(Config\Cache), false)
 5 FCPATH/index.php(67): CodeIgniter\CodeIgniter->run()
CRITICAL - 2022-11-04 05:26:03 --> Undefined variable: status
in APPPATH/Controllers/V1/Bank.php on line 139.
 1 APPPATH/Controllers/V1/Bank.php(139): CodeIgniter\Debug\Exceptions->errorHandler(8, 'Undefined variable: status', 'APPPATH/Controllers/V1/Bank.php', 139, [...])
 2 SYSTEMPATH/CodeIgniter.php(902): App\Controllers\V1\Bank->getBank()
 3 SYSTEMPATH/CodeIgniter.php(457): CodeIgniter\CodeIgniter->runController(Object(App\Controllers\V1\Bank))
 4 SYSTEMPATH/CodeIgniter.php(340): CodeIgniter\CodeIgniter->handleRequest(null, Object(Config\Cache), false)
 5 FCPATH/index.php(67): CodeIgniter\CodeIgniter->run()
CRITICAL - 2022-11-04 05:26:28 --> Undefined variable: status
in APPPATH/Controllers/V1/Bank.php on line 139.
 1 APPPATH/Controllers/V1/Bank.php(139): CodeIgniter\Debug\Exceptions->errorHandler(8, 'Undefined variable: status', 'APPPATH/Controllers/V1/Bank.php', 139, [...])
 2 SYSTEMPATH/CodeIgniter.php(902): App\Controllers\V1\Bank->getBank()
 3 SYSTEMPATH/CodeIgniter.php(457): CodeIgniter\CodeIgniter->runController(Object(App\Controllers\V1\Bank))
 4 SYSTEMPATH/CodeIgniter.php(340): CodeIgniter\CodeIgniter->handleRequest(null, Object(Config\Cache), false)
 5 FCPATH/index.php(67): CodeIgniter\CodeIgniter->run()
ERROR - 2022-11-04 08:07:14 --> mysqli_sql_exception: You have an error in your SQL syntax; check the manual that corresponds to your MySQL server version for the right syntax to use near '?' at line 1 in /home/piggybankservice/api/api.tracklessbank.com/system/Database/MySQLi/Connection.php:292
Stack trace:
#0 /home/piggybankservice/api/api.tracklessbank.com/system/Database/MySQLi/Connection.php(292): mysqli->query('SELECT a.curren...', 0)
#1 /home/piggybankservice/api/api.tracklessbank.com/system/Database/BaseConnection.php(693): CodeIgniter\Database\MySQLi\Connection->execute('SELECT a.curren...')
#2 /home/piggybankservice/api/api.tracklessbank.com/system/Database/BaseConnection.php(620): CodeIgniter\Database\BaseConnection->simpleQuery('SELECT a.curren...')
#3 /home/piggybankservice/api/api.tracklessbank.com/app/Models/V1/Mdl_currency.php(20): CodeIgniter\Database\BaseConnection->query('SELECT a.curren...', NULL)
#4 /home/piggybankservice/api/api.tracklessbank.com/app/Controllers/V1/Member/Currency.php(35): App\Models\Mdl_currency->get_active(NULL)
#5 /home/piggybankservice/api/api.tracklessbank.com/system/CodeIgniter.php(902): App\Controllers\V1\Member\Currency->getActiveCurrency()
#6 /home/piggybankservice/api/api.tracklessbank.com/system/CodeIgniter.php(457): CodeIgniter\CodeIgniter->runController(Object(App\Controllers\V1\Member\Currency))
#7 /home/piggybankservice/api/api.tracklessbank.com/system/CodeIgniter.php(340): CodeIgniter\CodeIgniter->handleRequest(NULL, Object(Config\Cache), false)
#8 /home/piggybankservice/api/api.tracklessbank.com/public/index.php(67): CodeIgniter\CodeIgniter->run()
#9 {main}
CRITICAL - 2022-11-04 08:07:14 --> Call to a member function getResult() on bool
in APPPATH/Models/V1/Mdl_currency.php on line 20.
 1 APPPATH/Controllers/V1/Member/Currency.php(35): App\Models\Mdl_currency->get_active(null)
 2 SYSTEMPATH/CodeIgniter.php(902): App\Controllers\V1\Member\Currency->getActiveCurrency()
 3 SYSTEMPATH/CodeIgniter.php(457): CodeIgniter\CodeIgniter->runController(Object(App\Controllers\V1\Member\Currency))
 4 SYSTEMPATH/CodeIgniter.php(340): CodeIgniter\CodeIgniter->handleRequest(null, Object(Config\Cache), false)
 5 FCPATH/index.php(67): CodeIgniter\CodeIgniter->run()
ERROR - 2022-11-04 08:10:29 --> mysqli_sql_exception: You have an error in your SQL syntax; check the manual that corresponds to your MySQL server version for the right syntax to use near '?' at line 1 in /home/piggybankservice/api/api.tracklessbank.com/system/Database/MySQLi/Connection.php:292
Stack trace:
#0 /home/piggybankservice/api/api.tracklessbank.com/system/Database/MySQLi/Connection.php(292): mysqli->query('SELECT a.curren...', 0)
#1 /home/piggybankservice/api/api.tracklessbank.com/system/Database/BaseConnection.php(693): CodeIgniter\Database\MySQLi\Connection->execute('SELECT a.curren...')
#2 /home/piggybankservice/api/api.tracklessbank.com/system/Database/BaseConnection.php(620): CodeIgniter\Database\BaseConnection->simpleQuery('SELECT a.curren...')
#3 /home/piggybankservice/api/api.tracklessbank.com/app/Models/V1/Mdl_currency.php(20): CodeIgniter\Database\BaseConnection->query('SELECT a.curren...', Array)
#4 /home/piggybankservice/api/api.tracklessbank.com/app/Controllers/V1/Member/Currency.php(36): App\Models\Mdl_currency->get_active(Array)
#5 /home/piggybankservice/api/api.tracklessbank.com/system/CodeIgniter.php(902): App\Controllers\V1\Member\Currency->getActiveCurrency()
#6 /home/piggybankservice/api/api.tracklessbank.com/system/CodeIgniter.php(457): CodeIgniter\CodeIgniter->runController(Object(App\Controllers\V1\Member\Currency))
#7 /home/piggybankservice/api/api.tracklessbank.com/system/CodeIgniter.php(340): CodeIgniter\CodeIgniter->handleRequest(NULL, Object(Config\Cache), false)
#8 /home/piggybankservice/api/api.tracklessbank.com/public/index.php(67): CodeIgniter\CodeIgniter->run()
#9 {main}
CRITICAL - 2022-11-04 08:10:29 --> Call to a member function getResult() on bool
in APPPATH/Models/V1/Mdl_currency.php on line 20.
 1 APPPATH/Controllers/V1/Member/Currency.php(36): App\Models\Mdl_currency->get_active([...])
 2 SYSTEMPATH/CodeIgniter.php(902): App\Controllers\V1\Member\Currency->getActiveCurrency()
 3 SYSTEMPATH/CodeIgniter.php(457): CodeIgniter\CodeIgniter->runController(Object(App\Controllers\V1\Member\Currency))
 4 SYSTEMPATH/CodeIgniter.php(340): CodeIgniter\CodeIgniter->handleRequest(null, Object(Config\Cache), false)
 5 FCPATH/index.php(67): CodeIgniter\CodeIgniter->run()
